#-----------------------------------------------------------
# Vivado v2019.1 (64-bit)
# SW Build 2552052 on Fri May 24 14:47:09 MDT 2019
# IP Build 2548770 on Fri May 24 18:01:18 MDT 2019
# Start of session at: Tue Apr 29 18:03:05 2025
# Process ID: 1686136
# Current directory: /tmp/mnt_ryloth_osman
# Command line: vivado
# Log file: /tmp/mnt_ryloth_osman/vivado.log
# Journal file: /tmp/mnt_ryloth_osman/vivado.jou
#-----------------------------------------------------------
start_gui
create_project ITA /tmp/mnt_ryloth_osman/ITA -part xczu7ev-ffvc1156-2-e
INFO: [IP_Flow 19-234] Refreshing IP repositories
INFO: [IP_Flow 19-1704] No user IP repositories specified
INFO: [IP_Flow 19-2313] Loaded Vivado IP repository '/nfs/tools/xilinx/Vivado/2019.1/data/ip'.
create_project: Time (s): cpu = 00:00:09 ; elapsed = 00:00:10 . Memory (MB): peak = 6475.367 ; gain = 25.980 ; free physical = 5464 ; free virtual = 13404
set_property board_part xilinx.com:zcu106:part0:2.4 [current_project]
add_files {/tmp/mnt_ryloth_osman/common_cells/src/plru_tree.sv /tmp/mnt_ryloth_osman/ITA-BIC/src/ita_inp1_mux.sv /tmp/mnt_ryloth_osman/common_cells/src/sync_wedge.sv /tmp/mnt_ryloth_osman/ITA-BIC/src/ita_requantizer.sv /tmp/mnt_ryloth_osman/common_cells/src/read.sv /tmp/mnt_ryloth_osman/common_cells/src/stream_arbiter_flushable.sv /tmp/mnt_ryloth_osman/common_cells/src/stream_filter.sv /tmp/mnt_ryloth_osman/ITA-BIC/src/ita_fifo_controller.sv /tmp/mnt_ryloth_osman/common_cells/src/stream_fifo.sv /tmp/mnt_ryloth_osman/common_cells/src/stream_arbiter.sv /tmp/mnt_ryloth_osman/common_cells/src/ecc_encode.sv /tmp/mnt_ryloth_osman/ITA-BIC/src/ita_output_controller.sv /tmp/mnt_ryloth_osman/ITA-BIC/src/ita_register_file_1w_1r_double_width_write.sv /tmp/mnt_ryloth_osman/common_cells/src/cdc_reset_ctrlr_pkg.sv /tmp/mnt_ryloth_osman/common_cells/src/multiaddr_decode.sv /tmp/mnt_ryloth_osman/common_cells/src/exp_backoff.sv /tmp/mnt_ryloth_osman/ITA-BIC/src/ita_accumulator.sv /tmp/mnt_ryloth_osman/common_cells/src/cdc_fifo_2phase.sv /tmp/mnt_ryloth_osman/common_cells/src/rr_arb_tree.sv /tmp/mnt_ryloth_osman/common_cells/src/sync.sv /tmp/mnt_ryloth_osman/common_cells/src/stream_xbar.sv /tmp/mnt_ryloth_osman/ITA-BIC/src/ita_register_file_1w_multi_port_read_we.sv /tmp/mnt_ryloth_osman/common_cells/src/stream_join_dynamic.sv /tmp/mnt_ryloth_osman/ITA-BIC/src/ita_gelu.sv /tmp/mnt_ryloth_osman/common_cells/src/counter.sv /tmp/mnt_ryloth_osman/common_cells/src/addr_decode.sv /tmp/mnt_ryloth_osman/ITA-BIC/src/ita_inp2_mux.sv /tmp/mnt_ryloth_osman/ITA-BIC/src/ita_register_file_1w_multi_port_read.sv /tmp/mnt_ryloth_osman/common_cells/src/stream_join.sv /tmp/mnt_ryloth_osman/common_cells/src/rstgen.sv /tmp/mnt_ryloth_osman/common_cells/src/stream_fifo_optimal_wrap.sv /tmp/mnt_ryloth_osman/common_cells/src/lfsr.sv /tmp/mnt_ryloth_osman/ITA-BIC/src/ita_relu.sv /tmp/mnt_ryloth_osman/common_cells/src/cdc_2phase.sv /tmp/mnt_ryloth_osman/common_cells/src/mem_to_banks_detailed.sv /tmp/mnt_ryloth_osman/common_cells/src/id_queue.sv /tmp/mnt_ryloth_osman/common_cells/src/stream_demux.sv /tmp/mnt_ryloth_osman/ITA-BIC/src/ita_weight_controller.sv /tmp/mnt_ryloth_osman/common_cells/src/lfsr_8bit.sv /tmp/mnt_ryloth_osman/common_cells/src/stream_omega_net.sv /tmp/mnt_ryloth_osman/common_cells/src/edge_propagator_ack.sv /tmp/mnt_ryloth_osman/tech_cells_generic/src/fpga/tc_sram_xilinx.sv /tmp/mnt_ryloth_osman/common_cells/include/common_cells/registers.svh /tmp/mnt_ryloth_osman/common_cells/include/common_cells/assertions.svh /tmp/mnt_ryloth_osman/common_cells/src/cb_filter.sv /tmp/mnt_ryloth_osman/common_cells/src/lzc.sv /tmp/mnt_ryloth_osman/common_cells/src/lossy_valid_to_stream.sv /tmp/mnt_ryloth_osman/common_cells/src/rstgen_bypass.sv /tmp/mnt_ryloth_osman/common_cells/src/ecc_pkg.sv /tmp/mnt_ryloth_osman/common_cells/src/popcount.sv /tmp/mnt_ryloth_osman/common_cells/src/credit_counter.sv /tmp/mnt_ryloth_osman/common_cells/src/stream_delay.sv /tmp/mnt_ryloth_osman/common_cells/src/fifo_v3.sv /tmp/mnt_ryloth_osman/ITA-BIC/src/ita_activation.sv /tmp/mnt_ryloth_osman/common_cells/src/cdc_fifo_gray_clearable.sv /tmp/mnt_ryloth_osman/common_cells/src/stream_fork.sv /tmp/mnt_ryloth_osman/ITA-BIC/src/ita_softmax_top.sv /tmp/mnt_ryloth_osman/common_cells/src/onehot_to_bin.sv /tmp/mnt_ryloth_osman/common_cells/src/edge_propagator_rx.sv /tmp/mnt_ryloth_osman/common_cells/src/fall_through_register.sv /tmp/mnt_ryloth_osman/common_cells/src/clk_mux_glitch_free.sv /tmp/mnt_ryloth_osman/common_cells/src/edge_propagator.sv /tmp/mnt_ryloth_osman/ITA-BIC/src/ita_softmax.sv /tmp/mnt_ryloth_osman/common_cells/src/addr_decode_napot.sv /tmp/mnt_ryloth_osman/common_cells/src/cdc_2phase_clearable.sv /tmp/mnt_ryloth_osman/common_cells/src/gray_to_binary.sv /tmp/mnt_ryloth_osman/common_cells/src/lfsr_16bit.sv /tmp/mnt_ryloth_osman/common_cells/src/clk_int_div_static.sv /tmp/mnt_ryloth_osman/common_cells/src/cc_onehot.sv /tmp/mnt_ryloth_osman/common_cells/src/isochronous_spill_register.sv /tmp/mnt_ryloth_osman/common_cells/src/stream_to_mem.sv /tmp/mnt_ryloth_osman/common_cells/src/cdc_reset_ctrlr.sv /tmp/mnt_ryloth_osman/common_cells/src/spill_register_flushable.sv /tmp/mnt_ryloth_osman/common_cells/src/sub_per_hash.sv /tmp/mnt_ryloth_osman/common_cells/src/addr_decode_dync.sv /tmp/mnt_ryloth_osman/common_cells/src/cb_filter_pkg.sv /tmp/mnt_ryloth_osman/common_cells/src/clk_int_div.sv /tmp/mnt_ryloth_osman/common_cells/src/stream_register.sv /tmp/mnt_ryloth_osman/common_cells/src/binary_to_gray.sv /tmp/mnt_ryloth_osman/tech_cells_generic/src/fpga/tc_clk_xilinx.sv /tmp/mnt_ryloth_osman/common_cells/src/shift_reg_gated.sv /tmp/mnt_ryloth_osman/common_cells/src/cdc_4phase.sv /tmp/mnt_ryloth_osman/common_cells/src/stream_fork_dynamic.sv /tmp/mnt_ryloth_osman/ITA-BIC/src/ita_sumdotp.sv /tmp/mnt_ryloth_osman/common_cells/src/cdc_fifo_gray.sv /tmp/mnt_ryloth_osman/common_cells/src/unread.sv /tmp/mnt_ryloth_osman/ITA-BIC/src/ita_dotp.sv /tmp/mnt_ryloth_osman/common_cells/src/ecc_decode.sv /tmp/mnt_ryloth_osman/common_cells/src/stream_mux.sv /tmp/mnt_ryloth_osman/common_cells/src/edge_detect.sv /tmp/mnt_ryloth_osman/common_cells/src/delta_counter.sv /tmp/mnt_ryloth_osman/ITA-BIC/src/ita_input_sampler.sv /tmp/mnt_ryloth_osman/common_cells/src/max_counter.sv /tmp/mnt_ryloth_osman/ITA-BIC/src/ita_package.sv /tmp/mnt_ryloth_osman/common_cells/src/mv_filter.sv /tmp/mnt_ryloth_osman/ITA-BIC/src/ita.sv /tmp/mnt_ryloth_osman/common_cells/src/edge_propagator_tx.sv /tmp/mnt_ryloth_osman/common_cells/src/mem_to_banks.sv /tmp/mnt_ryloth_osman/ITA-BIC/src/ita_controller.sv /tmp/mnt_ryloth_osman/ITA-BIC/src/ita_max_finder.sv /tmp/mnt_ryloth_osman/common_cells/src/stream_intf.sv /tmp/mnt_ryloth_osman/ITA-BIC/src/ita_serdiv.sv /tmp/mnt_ryloth_osman/common_cells/src/isochronous_4phase_handshake.sv /tmp/mnt_ryloth_osman/ITA-BIC/src/ita_requantization_controller.sv /tmp/mnt_ryloth_osman/common_cells/src/passthrough_stream_fifo.sv /tmp/mnt_ryloth_osman/common_cells/src/cf_math_pkg.sv /tmp/mnt_ryloth_osman/common_cells/src/shift_reg.sv /tmp/mnt_ryloth_osman/common_cells/src/serial_deglitch.sv /tmp/mnt_ryloth_osman/tech_cells_generic/src/fpga/pad_functional_xilinx.sv /tmp/mnt_ryloth_osman/common_cells/src/stream_throttle.sv /tmp/mnt_ryloth_osman/common_cells/src/spill_register.sv}
update_compile_order -fileset sources_1
update_compile_order -fileset sources_1
launch_runs synth_1 -jobs 4
CRITICAL WARNING: [HDL 9-3952] use of undefined macro 'ASSUME_I' [/tmp/mnt_ryloth_osman/common_cells/src/addr_decode_dync.sv:129]
CRITICAL WARNING: [HDL 9-806] Syntax error near "(". [/tmp/mnt_ryloth_osman/common_cells/src/addr_decode_dync.sv:129]
CRITICAL WARNING: [HDL 9-806] Syntax error near "==". [/tmp/mnt_ryloth_osman/common_cells/src/addr_decode_dync.sv:129]
CRITICAL WARNING: [HDL 9-806] Syntax error near ",". [/tmp/mnt_ryloth_osman/common_cells/src/addr_decode_dync.sv:129]
CRITICAL WARNING: [HDL 9-806] Syntax error near ")". [/tmp/mnt_ryloth_osman/common_cells/src/addr_decode_dync.sv:131]
CRITICAL WARNING: [HDL 9-806] Syntax error near ")". [/tmp/mnt_ryloth_osman/common_cells/src/addr_decode_dync.sv:132]
CRITICAL WARNING: [HDL 9-806] Syntax error near ")". [/tmp/mnt_ryloth_osman/common_cells/src/addr_decode_dync.sv:133]
CRITICAL WARNING: [HDL 9-3952] use of undefined macro 'ASSERT_FINAL' [/tmp/mnt_ryloth_osman/common_cells/src/addr_decode_dync.sv:136]
CRITICAL WARNING: [HDL 9-806] Syntax error near "idx". [/tmp/mnt_ryloth_osman/common_cells/src/addr_decode_dync.sv:157]
CRITICAL WARNING: [HDL 9-806] Syntax error near "start_addr". [/tmp/mnt_ryloth_osman/common_cells/src/addr_decode_dync.sv:157]
CRITICAL WARNING: [HDL 9-806] Syntax error near "end_addr". [/tmp/mnt_ryloth_osman/common_cells/src/addr_decode_dync.sv:157]
CRITICAL WARNING: [HDL 9-806] Syntax error near ")". [/tmp/mnt_ryloth_osman/common_cells/src/addr_decode_dync.sv:157]
CRITICAL WARNING: [HDL 9-806] Syntax error near "idx". [/tmp/mnt_ryloth_osman/common_cells/src/addr_decode_dync.sv:159]
CRITICAL WARNING: [HDL 9-806] Syntax error near "<". [/tmp/mnt_ryloth_osman/common_cells/src/addr_decode_dync.sv:159]
CRITICAL WARNING: [HDL 9-806] Syntax error near "idx". [/tmp/mnt_ryloth_osman/common_cells/src/addr_decode_dync.sv:165]
CRITICAL WARNING: [HDL 9-806] Syntax error near "start_addr". [/tmp/mnt_ryloth_osman/common_cells/src/addr_decode_dync.sv:165]
CRITICAL WARNING: [HDL 9-806] Syntax error near "end_addr". [/tmp/mnt_ryloth_osman/common_cells/src/addr_decode_dync.sv:165]
CRITICAL WARNING: [HDL 9-806] Syntax error near "(". [/tmp/mnt_ryloth_osman/common_cells/src/addr_decode_dync.sv:166]
CRITICAL WARNING: [HDL 9-806] Syntax error near "idx". [/tmp/mnt_ryloth_osman/common_cells/src/addr_decode_dync.sv:180]
CRITICAL WARNING: [HDL 9-806] Syntax error near "start_addr". [/tmp/mnt_ryloth_osman/common_cells/src/addr_decode_dync.sv:180]
CRITICAL WARNING: [HDL 9-806] Syntax error near "end_addr". [/tmp/mnt_ryloth_osman/common_cells/src/addr_decode_dync.sv:180]
CRITICAL WARNING: [HDL 9-806] Syntax error near "idx". [/tmp/mnt_ryloth_osman/common_cells/src/addr_decode_dync.sv:181]
CRITICAL WARNING: [HDL 9-806] Syntax error near "start_addr". [/tmp/mnt_ryloth_osman/common_cells/src/addr_decode_dync.sv:181]
CRITICAL WARNING: [HDL 9-806] Syntax error near "end_addr". [/tmp/mnt_ryloth_osman/common_cells/src/addr_decode_dync.sv:181]
CRITICAL WARNING: [HDL 9-806] Syntax error near ")". [/tmp/mnt_ryloth_osman/common_cells/src/addr_decode_dync.sv:181]
CRITICAL WARNING: [HDL 9-806] Syntax error near "(". [/tmp/mnt_ryloth_osman/common_cells/src/cb_filter.sv:243]
CRITICAL WARNING: [HDL 9-806] Syntax error near ")". [/tmp/mnt_ryloth_osman/common_cells/src/cb_filter.sv:245]
CRITICAL WARNING: [HDL 9-3952] use of undefined macro 'ASSERT' [/tmp/mnt_ryloth_osman/common_cells/src/cdc_2phase_clearable.sv:191]
CRITICAL WARNING: [HDL 9-806] Syntax error near "(". [/tmp/mnt_ryloth_osman/common_cells/src/cdc_2phase_clearable.sv:191]
CRITICAL WARNING: [HDL 9-806] Syntax error near "!". [/tmp/mnt_ryloth_osman/common_cells/src/cdc_2phase_clearable.sv:191]
CRITICAL WARNING: [HDL 9-3952] use of undefined macro 'FFNR' [/tmp/mnt_ryloth_osman/common_cells/src/cdc_2phase_clearable.sv:243]
CRITICAL WARNING: [HDL 9-806] Syntax error near "(". [/tmp/mnt_ryloth_osman/common_cells/src/cdc_2phase_clearable.sv:243]
CRITICAL WARNING: [HDL 9-806] Syntax error near ")". [/tmp/mnt_ryloth_osman/common_cells/src/cdc_2phase_clearable.sv:243]
CRITICAL WARNING: [HDL 9-3952] use of undefined macro 'ASSUME' [/tmp/mnt_ryloth_osman/common_cells/src/cdc_2phase_clearable.sv:260]
CRITICAL WARNING: [HDL 9-806] Syntax error near "(". [/tmp/mnt_ryloth_osman/common_cells/src/cdc_2phase_clearable.sv:260]
CRITICAL WARNING: [HDL 9-806] Syntax error near "!". [/tmp/mnt_ryloth_osman/common_cells/src/cdc_2phase_clearable.sv:260]
CRITICAL WARNING: [HDL 9-806] Syntax error near "(". [/tmp/mnt_ryloth_osman/common_cells/src/cdc_2phase_clearable.sv:320]
CRITICAL WARNING: [HDL 9-806] Syntax error near ")". [/tmp/mnt_ryloth_osman/common_cells/src/cdc_2phase_clearable.sv:320]
CRITICAL WARNING: [HDL 9-3952] use of undefined macro 'ASSERT_INIT' [/tmp/mnt_ryloth_osman/common_cells/src/cdc_fifo_2phase.sv:68]
CRITICAL WARNING: [HDL 9-806] Syntax error near "(". [/tmp/mnt_ryloth_osman/common_cells/src/cdc_fifo_2phase.sv:68]
CRITICAL WARNING: [HDL 9-806] Syntax error near "(". [/tmp/mnt_ryloth_osman/common_cells/src/cdc_fifo_gray.sv:162]
CRITICAL WARNING: [HDL 9-3952] use of undefined macro 'FFLNR' [/tmp/mnt_ryloth_osman/common_cells/src/cdc_fifo_gray.sv:196]
CRITICAL WARNING: [HDL 9-806] Syntax error near "(". [/tmp/mnt_ryloth_osman/common_cells/src/cdc_fifo_gray.sv:196]
CRITICAL WARNING: [HDL 9-806] Syntax error near ",". [/tmp/mnt_ryloth_osman/common_cells/src/cdc_fifo_gray.sv:196]
CRITICAL WARNING: [HDL 9-806] Syntax error near "&". [/tmp/mnt_ryloth_osman/common_cells/src/cdc_fifo_gray.sv:197]
CRITICAL WARNING: [HDL 9-3952] use of undefined macro 'FFLARN' [/tmp/mnt_ryloth_osman/common_cells/src/cdc_fifo_gray.sv:215]
CRITICAL WARNING: [HDL 9-806] Syntax error near "(". [/tmp/mnt_ryloth_osman/common_cells/src/cdc_fifo_gray.sv:215]
CRITICAL WARNING: [HDL 9-806] Syntax error near "&". [/tmp/mnt_ryloth_osman/common_cells/src/cdc_fifo_gray.sv:215]
CRITICAL WARNING: [HDL 9-806] Syntax error near ")". [/tmp/mnt_ryloth_osman/common_cells/src/cdc_fifo_gray.sv:215]
CRITICAL WARNING: [HDL 9-806] Syntax error near "(". [/tmp/mnt_ryloth_osman/common_cells/src/cdc_fifo_gray.sv:258]
CRITICAL WARNING: [HDL 9-806] Syntax error near "&". [/tmp/mnt_ryloth_osman/common_cells/src/cdc_fifo_gray.sv:258]
CRITICAL WARNING: [HDL 9-806] Syntax error near ")". [/tmp/mnt_ryloth_osman/common_cells/src/cdc_fifo_gray.sv:258]
CRITICAL WARNING: [HDL 9-806] Syntax error near "(". [/tmp/mnt_ryloth_osman/common_cells/src/cdc_fifo_gray_clearable.sv:259]
CRITICAL WARNING: [HDL 9-806] Syntax error near "(". [/tmp/mnt_ryloth_osman/common_cells/src/cdc_fifo_gray_clearable.sv:294]
CRITICAL WARNING: [HDL 9-806] Syntax error near ",". [/tmp/mnt_ryloth_osman/common_cells/src/cdc_fifo_gray_clearable.sv:294]
CRITICAL WARNING: [HDL 9-806] Syntax error near "&". [/tmp/mnt_ryloth_osman/common_cells/src/cdc_fifo_gray_clearable.sv:295]
CRITICAL WARNING: [HDL 9-3952] use of undefined macro 'FFLARNC' [/tmp/mnt_ryloth_osman/common_cells/src/cdc_fifo_gray_clearable.sv:313]
CRITICAL WARNING: [HDL 9-806] Syntax error near "(". [/tmp/mnt_ryloth_osman/common_cells/src/cdc_fifo_gray_clearable.sv:313]
CRITICAL WARNING: [HDL 9-806] Syntax error near "&". [/tmp/mnt_ryloth_osman/common_cells/src/cdc_fifo_gray_clearable.sv:313]
CRITICAL WARNING: [HDL 9-806] Syntax error near "'0". [/tmp/mnt_ryloth_osman/common_cells/src/cdc_fifo_gray_clearable.sv:313]
CRITICAL WARNING: [HDL 9-806] Syntax error near ")". [/tmp/mnt_ryloth_osman/common_cells/src/cdc_fifo_gray_clearable.sv:313]
CRITICAL WARNING: [HDL 9-806] Syntax error near "(". [/tmp/mnt_ryloth_osman/common_cells/src/cdc_fifo_gray_clearable.sv:357]
CRITICAL WARNING: [HDL 9-806] Syntax error near "&". [/tmp/mnt_ryloth_osman/common_cells/src/cdc_fifo_gray_clearable.sv:357]
CRITICAL WARNING: [HDL 9-806] Syntax error near "'0". [/tmp/mnt_ryloth_osman/common_cells/src/cdc_fifo_gray_clearable.sv:357]
CRITICAL WARNING: [HDL 9-806] Syntax error near ")". [/tmp/mnt_ryloth_osman/common_cells/src/cdc_fifo_gray_clearable.sv:357]
CRITICAL WARNING: [HDL 9-3952] use of undefined macro 'FFARNC' [/tmp/mnt_ryloth_osman/common_cells/src/credit_counter.sv:45]
CRITICAL WARNING: [HDL 9-806] Syntax error near "(". [/tmp/mnt_ryloth_osman/common_cells/src/credit_counter.sv:45]
CRITICAL WARNING: [HDL 9-806] Syntax error near ")". [/tmp/mnt_ryloth_osman/common_cells/src/credit_counter.sv:45]
CRITICAL WARNING: [HDL 9-3952] use of undefined macro 'ASSERT_NEVER' [/tmp/mnt_ryloth_osman/common_cells/src/credit_counter.sv:52]
CRITICAL WARNING: [HDL 9-806] Syntax error near "(". [/tmp/mnt_ryloth_osman/common_cells/src/credit_counter.sv:52]
CRITICAL WARNING: [HDL 9-806] Syntax error near "(". [/tmp/mnt_ryloth_osman/common_cells/src/exp_backoff.sv:88]
CRITICAL WARNING: [HDL 9-806] Syntax error near "(". [/tmp/mnt_ryloth_osman/common_cells/src/fifo_v3.sv:143]
CRITICAL WARNING: [HDL 9-806] Syntax error near "!". [/tmp/mnt_ryloth_osman/common_cells/src/fifo_v3.sv:145]
CRITICAL WARNING: [HDL 9-806] Syntax error near "!". [/tmp/mnt_ryloth_osman/common_cells/src/fifo_v3.sv:148]
CRITICAL WARNING: [HDL 9-806] Syntax error near "(". [/tmp/mnt_ryloth_osman/common_cells/src/id_queue.sv:416]
CRITICAL WARNING: [HDL 9-806] Syntax error near "(". [/tmp/mnt_ryloth_osman/common_cells/src/isochronous_4phase_handshake.sv:59]
CRITICAL WARNING: [HDL 9-806] Syntax error near ")". [/tmp/mnt_ryloth_osman/common_cells/src/isochronous_4phase_handshake.sv:59]
CRITICAL WARNING: [HDL 9-3952] use of undefined macro 'FFARN' [/tmp/mnt_ryloth_osman/common_cells/src/isochronous_4phase_handshake.sv:61]
CRITICAL WARNING: [HDL 9-806] Syntax error near "1". [/tmp/mnt_ryloth_osman/common_cells/src/isochronous_4phase_handshake.sv:61]
CRITICAL WARNING: [HDL 9-806] Syntax error near ")". [/tmp/mnt_ryloth_osman/common_cells/src/isochronous_4phase_handshake.sv:61]
CRITICAL WARNING: [HDL 9-806] Syntax error near ")". [/tmp/mnt_ryloth_osman/common_cells/src/isochronous_4phase_handshake.sv:66]
CRITICAL WARNING: [HDL 9-806] Syntax error near "1". [/tmp/mnt_ryloth_osman/common_cells/src/isochronous_4phase_handshake.sv:68]
CRITICAL WARNING: [HDL 9-806] Syntax error near ")". [/tmp/mnt_ryloth_osman/common_cells/src/isochronous_4phase_handshake.sv:68]
CRITICAL WARNING: [HDL 9-806] Syntax error near "!". [/tmp/mnt_ryloth_osman/common_cells/src/isochronous_4phase_handshake.sv:75]
CRITICAL WARNING: [HDL 9-806] Syntax error near "!". [/tmp/mnt_ryloth_osman/common_cells/src/isochronous_4phase_handshake.sv:77]
CRITICAL WARNING: [HDL 9-806] Syntax error near "(". [/tmp/mnt_ryloth_osman/common_cells/src/isochronous_spill_register.sv:82]
CRITICAL WARNING: [HDL 9-806] Syntax error near ")". [/tmp/mnt_ryloth_osman/common_cells/src/isochronous_spill_register.sv:82]
CRITICAL WARNING: [HDL 9-806] Syntax error near ")". [/tmp/mnt_ryloth_osman/common_cells/src/isochronous_spill_register.sv:84]
CRITICAL WARNING: [HDL 9-806] Syntax error near "(". [/tmp/mnt_ryloth_osman/common_cells/src/isochronous_spill_register.sv:87]
CRITICAL WARNING: [HDL 9-806] Syntax error near "(". [/tmp/mnt_ryloth_osman/common_cells/src/isochronous_spill_register.sv:87]
CRITICAL WARNING: [HDL 9-806] Syntax error near "=". [/tmp/mnt_ryloth_osman/common_cells/src/isochronous_spill_register.sv:90]
CRITICAL WARNING: [HDL 9-806] Syntax error near "end". [/tmp/mnt_ryloth_osman/common_cells/src/isochronous_spill_register.sv:97]
CRITICAL WARNING: [HDL 9-806] Syntax error near "!". [/tmp/mnt_ryloth_osman/common_cells/src/isochronous_spill_register.sv:102]
CRITICAL WARNING: [HDL 9-806] Syntax error near "!". [/tmp/mnt_ryloth_osman/common_cells/src/isochronous_spill_register.sv:104]
CRITICAL WARNING: [HDL 9-806] Syntax error near "!". [/tmp/mnt_ryloth_osman/common_cells/src/isochronous_spill_register.sv:106]
CRITICAL WARNING: [HDL 9-806] Syntax error near "!". [/tmp/mnt_ryloth_osman/common_cells/src/isochronous_spill_register.sv:108]
CRITICAL WARNING: [HDL 9-806] Syntax error near "(". [/tmp/mnt_ryloth_osman/common_cells/src/lfsr.sv:296]
CRITICAL WARNING: [HDL 9-806] Syntax error near ""LFSR mask is not correct. The MSB must be 1.". [/tmp/mnt_ryloth_osman/common_cells/src/lfsr.sv:302]
CRITICAL WARNING: [HDL 9-806] Syntax error near "!". [/tmp/mnt_ryloth_osman/common_cells/src/lfsr.sv:306]
CRITICAL WARNING: [HDL 9-806] Syntax error near "(". [/tmp/mnt_ryloth_osman/common_cells/src/lfsr_16bit.sv:64]
CRITICAL WARNING: [HDL 9-806] Syntax error near "(". [/tmp/mnt_ryloth_osman/common_cells/src/lfsr_8bit.sv:58]
CRITICAL WARNING: [HDL 9-806] Syntax error near "(". [/tmp/mnt_ryloth_osman/common_cells/src/lzc.sv:45]
CRITICAL WARNING: [HDL 9-806] Syntax error near "(". [/tmp/mnt_ryloth_osman/common_cells/src/lzc.sv:103]
CRITICAL WARNING: [HDL 9-806] Syntax error near "(". [/tmp/mnt_ryloth_osman/common_cells/src/mem_to_banks_detailed.sv:225]
CRITICAL WARNING: [HDL 9-806] Syntax error near "==". [/tmp/mnt_ryloth_osman/common_cells/src/mem_to_banks_detailed.sv:225]
CRITICAL WARNING: [HDL 9-806] Syntax error near "(". [/tmp/mnt_ryloth_osman/common_cells/src/multiaddr_decode.sv:127]
CRITICAL WARNING: [HDL 9-806] Syntax error near ")". [/tmp/mnt_ryloth_osman/common_cells/src/multiaddr_decode.sv:127]
CRITICAL WARNING: [HDL 9-806] Syntax error near "==". [/tmp/mnt_ryloth_osman/common_cells/src/multiaddr_decode.sv:128]
CRITICAL WARNING: [HDL 9-806] Syntax error near ",". [/tmp/mnt_ryloth_osman/common_cells/src/multiaddr_decode.sv:128]
CRITICAL WARNING: [HDL 9-806] Syntax error near ")". [/tmp/mnt_ryloth_osman/common_cells/src/multiaddr_decode.sv:130]
CRITICAL WARNING: [HDL 9-806] Syntax error near "(". [/tmp/mnt_ryloth_osman/common_cells/src/multiaddr_decode.sv:140]
CRITICAL WARNING: [HDL 9-806] Syntax error near "<". [/tmp/mnt_ryloth_osman/common_cells/src/multiaddr_decode.sv:140]
CRITICAL WARNING: [HDL 9-806] Syntax error near ")". [/tmp/mnt_ryloth_osman/common_cells/src/multiaddr_decode.sv:146]
CRITICAL WARNING: [HDL 9-806] Syntax error near "(". [/tmp/mnt_ryloth_osman/common_cells/src/onehot_to_bin.sv:35]
CRITICAL WARNING: [HDL 9-3952] use of undefined macro 'FF' [/tmp/mnt_ryloth_osman/common_cells/src/passthrough_stream_fifo.sv:112]
CRITICAL WARNING: [HDL 9-806] Syntax error near "(". [/tmp/mnt_ryloth_osman/common_cells/src/passthrough_stream_fifo.sv:112]
CRITICAL WARNING: [HDL 9-806] Syntax error near "'0". [/tmp/mnt_ryloth_osman/common_cells/src/passthrough_stream_fifo.sv:112]
CRITICAL WARNING: [HDL 9-806] Syntax error near ")". [/tmp/mnt_ryloth_osman/common_cells/src/passthrough_stream_fifo.sv:112]
CRITICAL WARNING: [HDL 9-806] Syntax error near "'0". [/tmp/mnt_ryloth_osman/common_cells/src/passthrough_stream_fifo.sv:113]
CRITICAL WARNING: [HDL 9-806] Syntax error near ")". [/tmp/mnt_ryloth_osman/common_cells/src/passthrough_stream_fifo.sv:113]
CRITICAL WARNING: [HDL 9-3952] use of undefined macro 'FFL' [/tmp/mnt_ryloth_osman/common_cells/src/passthrough_stream_fifo.sv:115]
CRITICAL WARNING: [HDL 9-806] Syntax error near "'0". [/tmp/mnt_ryloth_osman/common_cells/src/passthrough_stream_fifo.sv:115]
CRITICAL WARNING: [HDL 9-806] Syntax error near ")". [/tmp/mnt_ryloth_osman/common_cells/src/passthrough_stream_fifo.sv:115]
CRITICAL WARNING: [HDL 9-806] Syntax error near "!". [/tmp/mnt_ryloth_osman/common_cells/src/passthrough_stream_fifo.sv:118]
CRITICAL WARNING: [HDL 9-806] Syntax error near "!". [/tmp/mnt_ryloth_osman/common_cells/src/passthrough_stream_fifo.sv:120]
CRITICAL WARNING: [HDL 9-806] Syntax error near "(". [/tmp/mnt_ryloth_osman/common_cells/src/plru_tree.sv:124]
CRITICAL WARNING: [HDL 9-806] Syntax error near "!". [/tmp/mnt_ryloth_osman/common_cells/src/plru_tree.sv:126]
CRITICAL WARNING: [HDL 9-806] Syntax error near "(". [/tmp/mnt_ryloth_osman/common_cells/src/rr_arb_tree.sv:165]
CRITICAL WARNING: [HDL 9-806] Syntax error near "!". [/tmp/mnt_ryloth_osman/common_cells/src/rr_arb_tree.sv:166]
CRITICAL WARNING: [HDL 9-806] Syntax error near "(". [/tmp/mnt_ryloth_osman/common_cells/src/rr_arb_tree.sv:171]
CRITICAL WARNING: [HDL 9-806] Syntax error near "!". [/tmp/mnt_ryloth_osman/common_cells/src/rr_arb_tree.sv:171]
CRITICAL WARNING: [HDL 9-806] Syntax error near "<=". [/tmp/mnt_ryloth_osman/common_cells/src/rr_arb_tree.sv:180]
CRITICAL WARNING: [HDL 9-806] Syntax error near "<=". [/tmp/mnt_ryloth_osman/common_cells/src/rr_arb_tree.sv:182]
CRITICAL WARNING: [HDL 9-806] Syntax error near "else". [/tmp/mnt_ryloth_osman/common_cells/src/rr_arb_tree.sv:186]
CRITICAL WARNING: [HDL 9-806] Syntax error near "end". [/tmp/mnt_ryloth_osman/common_cells/src/rr_arb_tree.sv:237]
CRITICAL WARNING: [HDL 9-806] Syntax error near "(". [/tmp/mnt_ryloth_osman/common_cells/src/rr_arb_tree.sv:298]
CRITICAL WARNING: [HDL 9-806] Syntax error near ""Input must be at least one element wide.". [/tmp/mnt_ryloth_osman/common_cells/src/rr_arb_tree.sv:298]
CRITICAL WARNING: [HDL 9-806] Syntax error near "!". [/tmp/mnt_ryloth_osman/common_cells/src/rr_arb_tree.sv:302]
CRITICAL WARNING: [HDL 9-806] Syntax error near "!". [/tmp/mnt_ryloth_osman/common_cells/src/rr_arb_tree.sv:305]
CRITICAL WARNING: [HDL 9-806] Syntax error near "!". [/tmp/mnt_ryloth_osman/common_cells/src/rr_arb_tree.sv:307]
CRITICAL WARNING: [HDL 9-806] Syntax error near "!". [/tmp/mnt_ryloth_osman/common_cells/src/rr_arb_tree.sv:310]
CRITICAL WARNING: [HDL 9-806] Syntax error near "!". [/tmp/mnt_ryloth_osman/common_cells/src/rr_arb_tree.sv:313]
CRITICAL WARNING: [HDL 9-806] Syntax error near "!". [/tmp/mnt_ryloth_osman/common_cells/src/rr_arb_tree.sv:315]
CRITICAL WARNING: [HDL 9-806] Syntax error near "(". [/tmp/mnt_ryloth_osman/common_cells/src/shift_reg_gated.sv:52]
CRITICAL WARNING: [HDL 9-806] Syntax error near ",". [/tmp/mnt_ryloth_osman/common_cells/src/shift_reg_gated.sv:52]
CRITICAL WARNING: [HDL 9-806] Syntax error near "'0". [/tmp/mnt_ryloth_osman/common_cells/src/shift_reg_gated.sv:52]
CRITICAL WARNING: [HDL 9-806] Syntax error near ")". [/tmp/mnt_ryloth_osman/common_cells/src/shift_reg_gated.sv:52]
CRITICAL WARNING: [HDL 9-806] Syntax error near "'". [/tmp/mnt_ryloth_osman/common_cells/src/shift_reg_gated.sv:56]
CRITICAL WARNING: [HDL 9-806] Syntax error near ")". [/tmp/mnt_ryloth_osman/common_cells/src/shift_reg_gated.sv:56]
CRITICAL WARNING: [HDL 9-806] Syntax error near "endmodule". [/tmp/mnt_ryloth_osman/common_cells/src/shift_reg_gated.sv:65]
CRITICAL WARNING: [HDL 9-806] Syntax error near "(". [/tmp/mnt_ryloth_osman/common_cells/src/spill_register_flushable.sv:99]
CRITICAL WARNING: [HDL 9-806] Syntax error near "!". [/tmp/mnt_ryloth_osman/common_cells/src/spill_register_flushable.sv:99]
CRITICAL WARNING: [HDL 9-806] Syntax error near "(". [/tmp/mnt_ryloth_osman/common_cells/src/stream_fork.sv:128]
CRITICAL WARNING: [HDL 9-806] Syntax error near "(". [/tmp/mnt_ryloth_osman/common_cells/src/stream_fork_dynamic.sv:91]
CRITICAL WARNING: [HDL 9-806] Syntax error near "(". [/tmp/mnt_ryloth_osman/common_cells/src/stream_intf.sv:46]
CRITICAL WARNING: [HDL 9-806] Syntax error near "1". [/tmp/mnt_ryloth_osman/common_cells/src/stream_intf.sv:46]
CRITICAL WARNING: [HDL 9-806] Syntax error near "1". [/tmp/mnt_ryloth_osman/common_cells/src/stream_intf.sv:47]
CRITICAL WARNING: [HDL 9-806] Syntax error near "(". [/tmp/mnt_ryloth_osman/common_cells/src/stream_join_dynamic.sv:43]
CRITICAL WARNING: [HDL 9-806] Syntax error near "(". [/tmp/mnt_ryloth_osman/common_cells/src/stream_mux.sv:41]
CRITICAL WARNING: [HDL 9-806] Syntax error near "(". [/tmp/mnt_ryloth_osman/common_cells/src/stream_omega_net.sv:271]
CRITICAL WARNING: [HDL 9-806] Syntax error near "|->". [/tmp/mnt_ryloth_osman/common_cells/src/stream_omega_net.sv:271]
CRITICAL WARNING: [HDL 9-806] Syntax error near "!". [/tmp/mnt_ryloth_osman/common_cells/src/stream_omega_net.sv:271]
CRITICAL WARNING: [HDL 9-806] Syntax error near "&&". [/tmp/mnt_ryloth_osman/common_cells/src/stream_omega_net.sv:277]
CRITICAL WARNING: [HDL 9-806] Syntax error near "!". [/tmp/mnt_ryloth_osman/common_cells/src/stream_omega_net.sv:278]
CRITICAL WARNING: [HDL 9-806] Syntax error near "&&". [/tmp/mnt_ryloth_osman/common_cells/src/stream_omega_net.sv:279]
CRITICAL WARNING: [HDL 9-806] Syntax error near "!". [/tmp/mnt_ryloth_osman/common_cells/src/stream_omega_net.sv:280]
CRITICAL WARNING: [HDL 9-806] Syntax error near "&&". [/tmp/mnt_ryloth_osman/common_cells/src/stream_omega_net.sv:281]
CRITICAL WARNING: [HDL 9-806] Syntax error near "!". [/tmp/mnt_ryloth_osman/common_cells/src/stream_omega_net.sv:281]
CRITICAL WARNING: [HDL 9-806] Syntax error near "&&". [/tmp/mnt_ryloth_osman/common_cells/src/stream_omega_net.sv:285]
CRITICAL WARNING: [HDL 9-806] Syntax error near "!". [/tmp/mnt_ryloth_osman/common_cells/src/stream_omega_net.sv:286]
CRITICAL WARNING: [HDL 9-806] Syntax error near "&&". [/tmp/mnt_ryloth_osman/common_cells/src/stream_omega_net.sv:289]
CRITICAL WARNING: [HDL 9-806] Syntax error near "!". [/tmp/mnt_ryloth_osman/common_cells/src/stream_omega_net.sv:290]
CRITICAL WARNING: [HDL 9-806] Syntax error near "&&". [/tmp/mnt_ryloth_osman/common_cells/src/stream_omega_net.sv:293]
CRITICAL WARNING: [HDL 9-806] Syntax error near "!". [/tmp/mnt_ryloth_osman/common_cells/src/stream_omega_net.sv:293]
CRITICAL WARNING: [HDL 9-806] Syntax error near "(". [/tmp/mnt_ryloth_osman/common_cells/src/stream_register.sv:37]
CRITICAL WARNING: [HDL 9-806] Syntax error near "1". [/tmp/mnt_ryloth_osman/common_cells/src/stream_register.sv:37]
CRITICAL WARNING: [HDL 9-806] Syntax error near ")". [/tmp/mnt_ryloth_osman/common_cells/src/stream_register.sv:37]
CRITICAL WARNING: [HDL 9-806] Syntax error near "'". [/tmp/mnt_ryloth_osman/common_cells/src/stream_register.sv:38]
CRITICAL WARNING: [HDL 9-806] Syntax error near ")". [/tmp/mnt_ryloth_osman/common_cells/src/stream_register.sv:38]
CRITICAL WARNING: [HDL 9-806] Syntax error near "(". [/tmp/mnt_ryloth_osman/common_cells/src/stream_throttle.sv:80]
CRITICAL WARNING: [HDL 9-806] Syntax error near "'0". [/tmp/mnt_ryloth_osman/common_cells/src/stream_throttle.sv:80]
CRITICAL WARNING: [HDL 9-806] Syntax error near ")". [/tmp/mnt_ryloth_osman/common_cells/src/stream_throttle.sv:80]
CRITICAL WARNING: [HDL 9-806] Syntax error near "(". [/tmp/mnt_ryloth_osman/common_cells/src/stream_to_mem.sv:105]
CRITICAL WARNING: [HDL 9-806] Syntax error near "'0". [/tmp/mnt_ryloth_osman/common_cells/src/stream_to_mem.sv:105]
CRITICAL WARNING: [HDL 9-806] Syntax error near ")". [/tmp/mnt_ryloth_osman/common_cells/src/stream_to_mem.sv:105]
CRITICAL WARNING: [HDL 9-806] Syntax error near "(". [/tmp/mnt_ryloth_osman/common_cells/src/stream_to_mem.sv:123]
CRITICAL WARNING: [HDL 9-806] Syntax error near "!". [/tmp/mnt_ryloth_osman/common_cells/src/stream_to_mem.sv:123]
CRITICAL WARNING: [HDL 9-806] Syntax error near "!". [/tmp/mnt_ryloth_osman/common_cells/src/stream_to_mem.sv:125]
CRITICAL WARNING: [HDL 9-806] Syntax error near "!". [/tmp/mnt_ryloth_osman/common_cells/src/stream_to_mem.sv:127]
CRITICAL WARNING: [HDL 9-806] Syntax error near "!". [/tmp/mnt_ryloth_osman/common_cells/src/stream_to_mem.sv:131]
CRITICAL WARNING: [HDL 9-806] Syntax error near "(". [/tmp/mnt_ryloth_osman/common_cells/src/stream_xbar.sv:175]
CRITICAL WARNING: [HDL 9-806] Syntax error near "|->". [/tmp/mnt_ryloth_osman/common_cells/src/stream_xbar.sv:175]
CRITICAL WARNING: [HDL 9-806] Syntax error near "!". [/tmp/mnt_ryloth_osman/common_cells/src/stream_xbar.sv:175]
CRITICAL WARNING: [HDL 9-806] Syntax error near "&&". [/tmp/mnt_ryloth_osman/common_cells/src/stream_xbar.sv:181]
CRITICAL WARNING: [HDL 9-806] Syntax error near "!". [/tmp/mnt_ryloth_osman/common_cells/src/stream_xbar.sv:182]
CRITICAL WARNING: [HDL 9-806] Syntax error near "&&". [/tmp/mnt_ryloth_osman/common_cells/src/stream_xbar.sv:183]
CRITICAL WARNING: [HDL 9-806] Syntax error near "!". [/tmp/mnt_ryloth_osman/common_cells/src/stream_xbar.sv:183]
CRITICAL WARNING: [HDL 9-806] Syntax error near "&&". [/tmp/mnt_ryloth_osman/common_cells/src/stream_xbar.sv:185]
CRITICAL WARNING: [HDL 9-806] Syntax error near "!". [/tmp/mnt_ryloth_osman/common_cells/src/stream_xbar.sv:185]
CRITICAL WARNING: [HDL 9-806] Syntax error near "&&". [/tmp/mnt_ryloth_osman/common_cells/src/stream_xbar.sv:189]
CRITICAL WARNING: [HDL 9-806] Syntax error near "!". [/tmp/mnt_ryloth_osman/common_cells/src/stream_xbar.sv:190]
CRITICAL WARNING: [HDL 9-806] Syntax error near "&&". [/tmp/mnt_ryloth_osman/common_cells/src/stream_xbar.sv:192]
CRITICAL WARNING: [HDL 9-806] Syntax error near "!". [/tmp/mnt_ryloth_osman/common_cells/src/stream_xbar.sv:192]
CRITICAL WARNING: [HDL 9-806] Syntax error near "&&". [/tmp/mnt_ryloth_osman/common_cells/src/stream_xbar.sv:194]
CRITICAL WARNING: [HDL 9-806] Syntax error near "!". [/tmp/mnt_ryloth_osman/common_cells/src/stream_xbar.sv:194]
WARNING: [filemgmt 20-644] Circular Reference Found: '.xil_defaultlib.clk_or_tree' [/tmp/mnt_ryloth_osman/common_cells/src/clk_mux_glitch_free.sv:0] -->> '.xil_defaultlib.clk_or_tree' [/tmp/mnt_ryloth_osman/common_cells/src/clk_mux_glitch_free.sv:256]
[Tue Apr 29 18:09:45 2025] Launched synth_1...
Run output will be captured here: /tmp/mnt_ryloth_osman/ITA/ITA.runs/synth_1/runme.log
add_files -scan_for_includes {/tmp/mnt_ryloth_osman/common_cells/include/common_cells/registers.svh /tmp/mnt_ryloth_osman/common_cells/include/common_cells/assertions.svh}
WARNING: [filemgmt 56-12] File '/tmp/mnt_ryloth_osman/common_cells/include/common_cells/registers.svh' cannot be added to the project because it already exists in the project, skipping this file
WARNING: [filemgmt 56-12] File '/tmp/mnt_ryloth_osman/common_cells/include/common_cells/assertions.svh' cannot be added to the project because it already exists in the project, skipping this file
import_files {/tmp/mnt_ryloth_osman/common_cells/include/common_cells/registers.svh /tmp/mnt_ryloth_osman/common_cells/include/common_cells/assertions.svh}
reset_run synth_1
launch_runs synth_1 -jobs 4
CRITICAL WARNING: [HDL 9-3952] use of undefined macro 'ASSUME_I' [/tmp/mnt_ryloth_osman/common_cells/src/addr_decode_dync.sv:129]
CRITICAL WARNING: [HDL 9-806] Syntax error near "(". [/tmp/mnt_ryloth_osman/common_cells/src/addr_decode_dync.sv:129]
CRITICAL WARNING: [HDL 9-806] Syntax error near "==". [/tmp/mnt_ryloth_osman/common_cells/src/addr_decode_dync.sv:129]
CRITICAL WARNING: [HDL 9-806] Syntax error near ",". [/tmp/mnt_ryloth_osman/common_cells/src/addr_decode_dync.sv:129]
CRITICAL WARNING: [HDL 9-806] Syntax error near ")". [/tmp/mnt_ryloth_osman/common_cells/src/addr_decode_dync.sv:131]
CRITICAL WARNING: [HDL 9-806] Syntax error near ")". [/tmp/mnt_ryloth_osman/common_cells/src/addr_decode_dync.sv:132]
CRITICAL WARNING: [HDL 9-806] Syntax error near ")". [/tmp/mnt_ryloth_osman/common_cells/src/addr_decode_dync.sv:133]
CRITICAL WARNING: [HDL 9-3952] use of undefined macro 'ASSERT_FINAL' [/tmp/mnt_ryloth_osman/common_cells/src/addr_decode_dync.sv:136]
CRITICAL WARNING: [HDL 9-806] Syntax error near "idx". [/tmp/mnt_ryloth_osman/common_cells/src/addr_decode_dync.sv:157]
CRITICAL WARNING: [HDL 9-806] Syntax error near "start_addr". [/tmp/mnt_ryloth_osman/common_cells/src/addr_decode_dync.sv:157]
CRITICAL WARNING: [HDL 9-806] Syntax error near "end_addr". [/tmp/mnt_ryloth_osman/common_cells/src/addr_decode_dync.sv:157]
CRITICAL WARNING: [HDL 9-806] Syntax error near ")". [/tmp/mnt_ryloth_osman/common_cells/src/addr_decode_dync.sv:157]
CRITICAL WARNING: [HDL 9-806] Syntax error near "idx". [/tmp/mnt_ryloth_osman/common_cells/src/addr_decode_dync.sv:159]
CRITICAL WARNING: [HDL 9-806] Syntax error near "<". [/tmp/mnt_ryloth_osman/common_cells/src/addr_decode_dync.sv:159]
CRITICAL WARNING: [HDL 9-806] Syntax error near "idx". [/tmp/mnt_ryloth_osman/common_cells/src/addr_decode_dync.sv:165]
CRITICAL WARNING: [HDL 9-806] Syntax error near "start_addr". [/tmp/mnt_ryloth_osman/common_cells/src/addr_decode_dync.sv:165]
CRITICAL WARNING: [HDL 9-806] Syntax error near "end_addr". [/tmp/mnt_ryloth_osman/common_cells/src/addr_decode_dync.sv:165]
CRITICAL WARNING: [HDL 9-806] Syntax error near "(". [/tmp/mnt_ryloth_osman/common_cells/src/addr_decode_dync.sv:166]
CRITICAL WARNING: [HDL 9-806] Syntax error near "idx". [/tmp/mnt_ryloth_osman/common_cells/src/addr_decode_dync.sv:180]
CRITICAL WARNING: [HDL 9-806] Syntax error near "start_addr". [/tmp/mnt_ryloth_osman/common_cells/src/addr_decode_dync.sv:180]
CRITICAL WARNING: [HDL 9-806] Syntax error near "end_addr". [/tmp/mnt_ryloth_osman/common_cells/src/addr_decode_dync.sv:180]
CRITICAL WARNING: [HDL 9-806] Syntax error near "idx". [/tmp/mnt_ryloth_osman/common_cells/src/addr_decode_dync.sv:181]
CRITICAL WARNING: [HDL 9-806] Syntax error near "start_addr". [/tmp/mnt_ryloth_osman/common_cells/src/addr_decode_dync.sv:181]
CRITICAL WARNING: [HDL 9-806] Syntax error near "end_addr". [/tmp/mnt_ryloth_osman/common_cells/src/addr_decode_dync.sv:181]
CRITICAL WARNING: [HDL 9-806] Syntax error near ")". [/tmp/mnt_ryloth_osman/common_cells/src/addr_decode_dync.sv:181]
CRITICAL WARNING: [HDL 9-806] Syntax error near "(". [/tmp/mnt_ryloth_osman/common_cells/src/cb_filter.sv:243]
CRITICAL WARNING: [HDL 9-806] Syntax error near ")". [/tmp/mnt_ryloth_osman/common_cells/src/cb_filter.sv:245]
CRITICAL WARNING: [HDL 9-3952] use of undefined macro 'ASSERT' [/tmp/mnt_ryloth_osman/common_cells/src/cdc_2phase_clearable.sv:191]
CRITICAL WARNING: [HDL 9-806] Syntax error near "(". [/tmp/mnt_ryloth_osman/common_cells/src/cdc_2phase_clearable.sv:191]
CRITICAL WARNING: [HDL 9-806] Syntax error near "!". [/tmp/mnt_ryloth_osman/common_cells/src/cdc_2phase_clearable.sv:191]
CRITICAL WARNING: [HDL 9-3952] use of undefined macro 'FFNR' [/tmp/mnt_ryloth_osman/common_cells/src/cdc_2phase_clearable.sv:243]
CRITICAL WARNING: [HDL 9-806] Syntax error near "(". [/tmp/mnt_ryloth_osman/common_cells/src/cdc_2phase_clearable.sv:243]
CRITICAL WARNING: [HDL 9-806] Syntax error near ")". [/tmp/mnt_ryloth_osman/common_cells/src/cdc_2phase_clearable.sv:243]
CRITICAL WARNING: [HDL 9-3952] use of undefined macro 'ASSUME' [/tmp/mnt_ryloth_osman/common_cells/src/cdc_2phase_clearable.sv:260]
CRITICAL WARNING: [HDL 9-806] Syntax error near "(". [/tmp/mnt_ryloth_osman/common_cells/src/cdc_2phase_clearable.sv:260]
CRITICAL WARNING: [HDL 9-806] Syntax error near "!". [/tmp/mnt_ryloth_osman/common_cells/src/cdc_2phase_clearable.sv:260]
CRITICAL WARNING: [HDL 9-806] Syntax error near "(". [/tmp/mnt_ryloth_osman/common_cells/src/cdc_2phase_clearable.sv:320]
CRITICAL WARNING: [HDL 9-806] Syntax error near ")". [/tmp/mnt_ryloth_osman/common_cells/src/cdc_2phase_clearable.sv:320]
CRITICAL WARNING: [HDL 9-3952] use of undefined macro 'ASSERT_INIT' [/tmp/mnt_ryloth_osman/common_cells/src/cdc_fifo_2phase.sv:68]
CRITICAL WARNING: [HDL 9-806] Syntax error near "(". [/tmp/mnt_ryloth_osman/common_cells/src/cdc_fifo_2phase.sv:68]
CRITICAL WARNING: [HDL 9-806] Syntax error near "(". [/tmp/mnt_ryloth_osman/common_cells/src/cdc_fifo_gray.sv:162]
CRITICAL WARNING: [HDL 9-3952] use of undefined macro 'FFLNR' [/tmp/mnt_ryloth_osman/common_cells/src/cdc_fifo_gray.sv:196]
CRITICAL WARNING: [HDL 9-806] Syntax error near "(". [/tmp/mnt_ryloth_osman/common_cells/src/cdc_fifo_gray.sv:196]
CRITICAL WARNING: [HDL 9-806] Syntax error near ",". [/tmp/mnt_ryloth_osman/common_cells/src/cdc_fifo_gray.sv:196]
CRITICAL WARNING: [HDL 9-806] Syntax error near "&". [/tmp/mnt_ryloth_osman/common_cells/src/cdc_fifo_gray.sv:197]
CRITICAL WARNING: [HDL 9-3952] use of undefined macro 'FFLARN' [/tmp/mnt_ryloth_osman/common_cells/src/cdc_fifo_gray.sv:215]
CRITICAL WARNING: [HDL 9-806] Syntax error near "(". [/tmp/mnt_ryloth_osman/common_cells/src/cdc_fifo_gray.sv:215]
CRITICAL WARNING: [HDL 9-806] Syntax error near "&". [/tmp/mnt_ryloth_osman/common_cells/src/cdc_fifo_gray.sv:215]
CRITICAL WARNING: [HDL 9-806] Syntax error near ")". [/tmp/mnt_ryloth_osman/common_cells/src/cdc_fifo_gray.sv:215]
CRITICAL WARNING: [HDL 9-806] Syntax error near "(". [/tmp/mnt_ryloth_osman/common_cells/src/cdc_fifo_gray.sv:258]
CRITICAL WARNING: [HDL 9-806] Syntax error near "&". [/tmp/mnt_ryloth_osman/common_cells/src/cdc_fifo_gray.sv:258]
CRITICAL WARNING: [HDL 9-806] Syntax error near ")". [/tmp/mnt_ryloth_osman/common_cells/src/cdc_fifo_gray.sv:258]
CRITICAL WARNING: [HDL 9-806] Syntax error near "(". [/tmp/mnt_ryloth_osman/common_cells/src/cdc_fifo_gray_clearable.sv:259]
CRITICAL WARNING: [HDL 9-806] Syntax error near "(". [/tmp/mnt_ryloth_osman/common_cells/src/cdc_fifo_gray_clearable.sv:294]
CRITICAL WARNING: [HDL 9-806] Syntax error near ",". [/tmp/mnt_ryloth_osman/common_cells/src/cdc_fifo_gray_clearable.sv:294]
CRITICAL WARNING: [HDL 9-806] Syntax error near "&". [/tmp/mnt_ryloth_osman/common_cells/src/cdc_fifo_gray_clearable.sv:295]
CRITICAL WARNING: [HDL 9-3952] use of undefined macro 'FFLARNC' [/tmp/mnt_ryloth_osman/common_cells/src/cdc_fifo_gray_clearable.sv:313]
CRITICAL WARNING: [HDL 9-806] Syntax error near "(". [/tmp/mnt_ryloth_osman/common_cells/src/cdc_fifo_gray_clearable.sv:313]
CRITICAL WARNING: [HDL 9-806] Syntax error near "&". [/tmp/mnt_ryloth_osman/common_cells/src/cdc_fifo_gray_clearable.sv:313]
CRITICAL WARNING: [HDL 9-806] Syntax error near "'0". [/tmp/mnt_ryloth_osman/common_cells/src/cdc_fifo_gray_clearable.sv:313]
CRITICAL WARNING: [HDL 9-806] Syntax error near ")". [/tmp/mnt_ryloth_osman/common_cells/src/cdc_fifo_gray_clearable.sv:313]
CRITICAL WARNING: [HDL 9-806] Syntax error near "(". [/tmp/mnt_ryloth_osman/common_cells/src/cdc_fifo_gray_clearable.sv:357]
CRITICAL WARNING: [HDL 9-806] Syntax error near "&". [/tmp/mnt_ryloth_osman/common_cells/src/cdc_fifo_gray_clearable.sv:357]
CRITICAL WARNING: [HDL 9-806] Syntax error near "'0". [/tmp/mnt_ryloth_osman/common_cells/src/cdc_fifo_gray_clearable.sv:357]
CRITICAL WARNING: [HDL 9-806] Syntax error near ")". [/tmp/mnt_ryloth_osman/common_cells/src/cdc_fifo_gray_clearable.sv:357]
CRITICAL WARNING: [HDL 9-3952] use of undefined macro 'FFARNC' [/tmp/mnt_ryloth_osman/common_cells/src/credit_counter.sv:45]
CRITICAL WARNING: [HDL 9-806] Syntax error near "(". [/tmp/mnt_ryloth_osman/common_cells/src/credit_counter.sv:45]
CRITICAL WARNING: [HDL 9-806] Syntax error near ")". [/tmp/mnt_ryloth_osman/common_cells/src/credit_counter.sv:45]
CRITICAL WARNING: [HDL 9-3952] use of undefined macro 'ASSERT_NEVER' [/tmp/mnt_ryloth_osman/common_cells/src/credit_counter.sv:52]
CRITICAL WARNING: [HDL 9-806] Syntax error near "(". [/tmp/mnt_ryloth_osman/common_cells/src/credit_counter.sv:52]
CRITICAL WARNING: [HDL 9-806] Syntax error near "(". [/tmp/mnt_ryloth_osman/common_cells/src/exp_backoff.sv:88]
CRITICAL WARNING: [HDL 9-806] Syntax error near "(". [/tmp/mnt_ryloth_osman/common_cells/src/fifo_v3.sv:143]
CRITICAL WARNING: [HDL 9-806] Syntax error near "!". [/tmp/mnt_ryloth_osman/common_cells/src/fifo_v3.sv:145]
CRITICAL WARNING: [HDL 9-806] Syntax error near "!". [/tmp/mnt_ryloth_osman/common_cells/src/fifo_v3.sv:148]
CRITICAL WARNING: [HDL 9-806] Syntax error near "(". [/tmp/mnt_ryloth_osman/common_cells/src/id_queue.sv:416]
CRITICAL WARNING: [HDL 9-806] Syntax error near "(". [/tmp/mnt_ryloth_osman/common_cells/src/isochronous_4phase_handshake.sv:59]
CRITICAL WARNING: [HDL 9-806] Syntax error near ")". [/tmp/mnt_ryloth_osman/common_cells/src/isochronous_4phase_handshake.sv:59]
CRITICAL WARNING: [HDL 9-3952] use of undefined macro 'FFARN' [/tmp/mnt_ryloth_osman/common_cells/src/isochronous_4phase_handshake.sv:61]
CRITICAL WARNING: [HDL 9-806] Syntax error near "1". [/tmp/mnt_ryloth_osman/common_cells/src/isochronous_4phase_handshake.sv:61]
CRITICAL WARNING: [HDL 9-806] Syntax error near ")". [/tmp/mnt_ryloth_osman/common_cells/src/isochronous_4phase_handshake.sv:61]
CRITICAL WARNING: [HDL 9-806] Syntax error near ")". [/tmp/mnt_ryloth_osman/common_cells/src/isochronous_4phase_handshake.sv:66]
CRITICAL WARNING: [HDL 9-806] Syntax error near "1". [/tmp/mnt_ryloth_osman/common_cells/src/isochronous_4phase_handshake.sv:68]
CRITICAL WARNING: [HDL 9-806] Syntax error near ")". [/tmp/mnt_ryloth_osman/common_cells/src/isochronous_4phase_handshake.sv:68]
CRITICAL WARNING: [HDL 9-806] Syntax error near "!". [/tmp/mnt_ryloth_osman/common_cells/src/isochronous_4phase_handshake.sv:75]
CRITICAL WARNING: [HDL 9-806] Syntax error near "!". [/tmp/mnt_ryloth_osman/common_cells/src/isochronous_4phase_handshake.sv:77]
CRITICAL WARNING: [HDL 9-806] Syntax error near "(". [/tmp/mnt_ryloth_osman/common_cells/src/isochronous_spill_register.sv:82]
CRITICAL WARNING: [HDL 9-806] Syntax error near ")". [/tmp/mnt_ryloth_osman/common_cells/src/isochronous_spill_register.sv:82]
CRITICAL WARNING: [HDL 9-806] Syntax error near ")". [/tmp/mnt_ryloth_osman/common_cells/src/isochronous_spill_register.sv:84]
CRITICAL WARNING: [HDL 9-806] Syntax error near "(". [/tmp/mnt_ryloth_osman/common_cells/src/isochronous_spill_register.sv:87]
CRITICAL WARNING: [HDL 9-806] Syntax error near "(". [/tmp/mnt_ryloth_osman/common_cells/src/isochronous_spill_register.sv:87]
CRITICAL WARNING: [HDL 9-806] Syntax error near "=". [/tmp/mnt_ryloth_osman/common_cells/src/isochronous_spill_register.sv:90]
CRITICAL WARNING: [HDL 9-806] Syntax error near "end". [/tmp/mnt_ryloth_osman/common_cells/src/isochronous_spill_register.sv:97]
CRITICAL WARNING: [HDL 9-806] Syntax error near "!". [/tmp/mnt_ryloth_osman/common_cells/src/isochronous_spill_register.sv:102]
CRITICAL WARNING: [HDL 9-806] Syntax error near "!". [/tmp/mnt_ryloth_osman/common_cells/src/isochronous_spill_register.sv:104]
CRITICAL WARNING: [HDL 9-806] Syntax error near "!". [/tmp/mnt_ryloth_osman/common_cells/src/isochronous_spill_register.sv:106]
CRITICAL WARNING: [HDL 9-806] Syntax error near "!". [/tmp/mnt_ryloth_osman/common_cells/src/isochronous_spill_register.sv:108]
CRITICAL WARNING: [HDL 9-806] Syntax error near "(". [/tmp/mnt_ryloth_osman/common_cells/src/lfsr.sv:296]
CRITICAL WARNING: [HDL 9-806] Syntax error near ""LFSR mask is not correct. The MSB must be 1.". [/tmp/mnt_ryloth_osman/common_cells/src/lfsr.sv:302]
CRITICAL WARNING: [HDL 9-806] Syntax error near "!". [/tmp/mnt_ryloth_osman/common_cells/src/lfsr.sv:306]
CRITICAL WARNING: [HDL 9-806] Syntax error near "(". [/tmp/mnt_ryloth_osman/common_cells/src/lfsr_16bit.sv:64]
CRITICAL WARNING: [HDL 9-806] Syntax error near "(". [/tmp/mnt_ryloth_osman/common_cells/src/lfsr_8bit.sv:58]
CRITICAL WARNING: [HDL 9-806] Syntax error near "(". [/tmp/mnt_ryloth_osman/common_cells/src/lzc.sv:45]
CRITICAL WARNING: [HDL 9-806] Syntax error near "(". [/tmp/mnt_ryloth_osman/common_cells/src/lzc.sv:103]
CRITICAL WARNING: [HDL 9-806] Syntax error near "(". [/tmp/mnt_ryloth_osman/common_cells/src/mem_to_banks_detailed.sv:225]
CRITICAL WARNING: [HDL 9-806] Syntax error near "==". [/tmp/mnt_ryloth_osman/common_cells/src/mem_to_banks_detailed.sv:225]
CRITICAL WARNING: [HDL 9-806] Syntax error near "(". [/tmp/mnt_ryloth_osman/common_cells/src/multiaddr_decode.sv:127]
CRITICAL WARNING: [HDL 9-806] Syntax error near ")". [/tmp/mnt_ryloth_osman/common_cells/src/multiaddr_decode.sv:127]
CRITICAL WARNING: [HDL 9-806] Syntax error near "==". [/tmp/mnt_ryloth_osman/common_cells/src/multiaddr_decode.sv:128]
CRITICAL WARNING: [HDL 9-806] Syntax error near ",". [/tmp/mnt_ryloth_osman/common_cells/src/multiaddr_decode.sv:128]
CRITICAL WARNING: [HDL 9-806] Syntax error near ")". [/tmp/mnt_ryloth_osman/common_cells/src/multiaddr_decode.sv:130]
CRITICAL WARNING: [HDL 9-806] Syntax error near "(". [/tmp/mnt_ryloth_osman/common_cells/src/multiaddr_decode.sv:140]
CRITICAL WARNING: [HDL 9-806] Syntax error near "<". [/tmp/mnt_ryloth_osman/common_cells/src/multiaddr_decode.sv:140]
CRITICAL WARNING: [HDL 9-806] Syntax error near ")". [/tmp/mnt_ryloth_osman/common_cells/src/multiaddr_decode.sv:146]
CRITICAL WARNING: [HDL 9-806] Syntax error near "(". [/tmp/mnt_ryloth_osman/common_cells/src/onehot_to_bin.sv:35]
CRITICAL WARNING: [HDL 9-3952] use of undefined macro 'FF' [/tmp/mnt_ryloth_osman/common_cells/src/passthrough_stream_fifo.sv:112]
CRITICAL WARNING: [HDL 9-806] Syntax error near "(". [/tmp/mnt_ryloth_osman/common_cells/src/passthrough_stream_fifo.sv:112]
CRITICAL WARNING: [HDL 9-806] Syntax error near "'0". [/tmp/mnt_ryloth_osman/common_cells/src/passthrough_stream_fifo.sv:112]
CRITICAL WARNING: [HDL 9-806] Syntax error near ")". [/tmp/mnt_ryloth_osman/common_cells/src/passthrough_stream_fifo.sv:112]
CRITICAL WARNING: [HDL 9-806] Syntax error near "'0". [/tmp/mnt_ryloth_osman/common_cells/src/passthrough_stream_fifo.sv:113]
CRITICAL WARNING: [HDL 9-806] Syntax error near ")". [/tmp/mnt_ryloth_osman/common_cells/src/passthrough_stream_fifo.sv:113]
CRITICAL WARNING: [HDL 9-3952] use of undefined macro 'FFL' [/tmp/mnt_ryloth_osman/common_cells/src/passthrough_stream_fifo.sv:115]
CRITICAL WARNING: [HDL 9-806] Syntax error near "'0". [/tmp/mnt_ryloth_osman/common_cells/src/passthrough_stream_fifo.sv:115]
CRITICAL WARNING: [HDL 9-806] Syntax error near ")". [/tmp/mnt_ryloth_osman/common_cells/src/passthrough_stream_fifo.sv:115]
CRITICAL WARNING: [HDL 9-806] Syntax error near "!". [/tmp/mnt_ryloth_osman/common_cells/src/passthrough_stream_fifo.sv:118]
CRITICAL WARNING: [HDL 9-806] Syntax error near "!". [/tmp/mnt_ryloth_osman/common_cells/src/passthrough_stream_fifo.sv:120]
CRITICAL WARNING: [HDL 9-806] Syntax error near "(". [/tmp/mnt_ryloth_osman/common_cells/src/plru_tree.sv:124]
CRITICAL WARNING: [HDL 9-806] Syntax error near "!". [/tmp/mnt_ryloth_osman/common_cells/src/plru_tree.sv:126]
CRITICAL WARNING: [HDL 9-806] Syntax error near "(". [/tmp/mnt_ryloth_osman/common_cells/src/rr_arb_tree.sv:165]
CRITICAL WARNING: [HDL 9-806] Syntax error near "!". [/tmp/mnt_ryloth_osman/common_cells/src/rr_arb_tree.sv:166]
CRITICAL WARNING: [HDL 9-806] Syntax error near "(". [/tmp/mnt_ryloth_osman/common_cells/src/rr_arb_tree.sv:171]
CRITICAL WARNING: [HDL 9-806] Syntax error near "!". [/tmp/mnt_ryloth_osman/common_cells/src/rr_arb_tree.sv:171]
CRITICAL WARNING: [HDL 9-806] Syntax error near "<=". [/tmp/mnt_ryloth_osman/common_cells/src/rr_arb_tree.sv:180]
CRITICAL WARNING: [HDL 9-806] Syntax error near "<=". [/tmp/mnt_ryloth_osman/common_cells/src/rr_arb_tree.sv:182]
CRITICAL WARNING: [HDL 9-806] Syntax error near "else". [/tmp/mnt_ryloth_osman/common_cells/src/rr_arb_tree.sv:186]
CRITICAL WARNING: [HDL 9-806] Syntax error near "end". [/tmp/mnt_ryloth_osman/common_cells/src/rr_arb_tree.sv:237]
CRITICAL WARNING: [HDL 9-806] Syntax error near "(". [/tmp/mnt_ryloth_osman/common_cells/src/rr_arb_tree.sv:298]
CRITICAL WARNING: [HDL 9-806] Syntax error near ""Input must be at least one element wide.". [/tmp/mnt_ryloth_osman/common_cells/src/rr_arb_tree.sv:298]
CRITICAL WARNING: [HDL 9-806] Syntax error near "!". [/tmp/mnt_ryloth_osman/common_cells/src/rr_arb_tree.sv:302]
CRITICAL WARNING: [HDL 9-806] Syntax error near "!". [/tmp/mnt_ryloth_osman/common_cells/src/rr_arb_tree.sv:305]
CRITICAL WARNING: [HDL 9-806] Syntax error near "!". [/tmp/mnt_ryloth_osman/common_cells/src/rr_arb_tree.sv:307]
CRITICAL WARNING: [HDL 9-806] Syntax error near "!". [/tmp/mnt_ryloth_osman/common_cells/src/rr_arb_tree.sv:310]
CRITICAL WARNING: [HDL 9-806] Syntax error near "!". [/tmp/mnt_ryloth_osman/common_cells/src/rr_arb_tree.sv:313]
CRITICAL WARNING: [HDL 9-806] Syntax error near "!". [/tmp/mnt_ryloth_osman/common_cells/src/rr_arb_tree.sv:315]
CRITICAL WARNING: [HDL 9-806] Syntax error near "(". [/tmp/mnt_ryloth_osman/common_cells/src/shift_reg_gated.sv:52]
CRITICAL WARNING: [HDL 9-806] Syntax error near ",". [/tmp/mnt_ryloth_osman/common_cells/src/shift_reg_gated.sv:52]
CRITICAL WARNING: [HDL 9-806] Syntax error near "'0". [/tmp/mnt_ryloth_osman/common_cells/src/shift_reg_gated.sv:52]
CRITICAL WARNING: [HDL 9-806] Syntax error near ")". [/tmp/mnt_ryloth_osman/common_cells/src/shift_reg_gated.sv:52]
CRITICAL WARNING: [HDL 9-806] Syntax error near "'". [/tmp/mnt_ryloth_osman/common_cells/src/shift_reg_gated.sv:56]
CRITICAL WARNING: [HDL 9-806] Syntax error near ")". [/tmp/mnt_ryloth_osman/common_cells/src/shift_reg_gated.sv:56]
CRITICAL WARNING: [HDL 9-806] Syntax error near "endmodule". [/tmp/mnt_ryloth_osman/common_cells/src/shift_reg_gated.sv:65]
CRITICAL WARNING: [HDL 9-806] Syntax error near "(". [/tmp/mnt_ryloth_osman/common_cells/src/spill_register_flushable.sv:99]
CRITICAL WARNING: [HDL 9-806] Syntax error near "!". [/tmp/mnt_ryloth_osman/common_cells/src/spill_register_flushable.sv:99]
CRITICAL WARNING: [HDL 9-806] Syntax error near "(". [/tmp/mnt_ryloth_osman/common_cells/src/stream_fork.sv:128]
CRITICAL WARNING: [HDL 9-806] Syntax error near "(". [/tmp/mnt_ryloth_osman/common_cells/src/stream_fork_dynamic.sv:91]
CRITICAL WARNING: [HDL 9-806] Syntax error near "(". [/tmp/mnt_ryloth_osman/common_cells/src/stream_intf.sv:46]
CRITICAL WARNING: [HDL 9-806] Syntax error near "1". [/tmp/mnt_ryloth_osman/common_cells/src/stream_intf.sv:46]
CRITICAL WARNING: [HDL 9-806] Syntax error near "1". [/tmp/mnt_ryloth_osman/common_cells/src/stream_intf.sv:47]
CRITICAL WARNING: [HDL 9-806] Syntax error near "(". [/tmp/mnt_ryloth_osman/common_cells/src/stream_join_dynamic.sv:43]
CRITICAL WARNING: [HDL 9-806] Syntax error near "(". [/tmp/mnt_ryloth_osman/common_cells/src/stream_mux.sv:41]
CRITICAL WARNING: [HDL 9-806] Syntax error near "(". [/tmp/mnt_ryloth_osman/common_cells/src/stream_omega_net.sv:271]
CRITICAL WARNING: [HDL 9-806] Syntax error near "|->". [/tmp/mnt_ryloth_osman/common_cells/src/stream_omega_net.sv:271]
CRITICAL WARNING: [HDL 9-806] Syntax error near "!". [/tmp/mnt_ryloth_osman/common_cells/src/stream_omega_net.sv:271]
CRITICAL WARNING: [HDL 9-806] Syntax error near "&&". [/tmp/mnt_ryloth_osman/common_cells/src/stream_omega_net.sv:277]
CRITICAL WARNING: [HDL 9-806] Syntax error near "!". [/tmp/mnt_ryloth_osman/common_cells/src/stream_omega_net.sv:278]
CRITICAL WARNING: [HDL 9-806] Syntax error near "&&". [/tmp/mnt_ryloth_osman/common_cells/src/stream_omega_net.sv:279]
CRITICAL WARNING: [HDL 9-806] Syntax error near "!". [/tmp/mnt_ryloth_osman/common_cells/src/stream_omega_net.sv:280]
CRITICAL WARNING: [HDL 9-806] Syntax error near "&&". [/tmp/mnt_ryloth_osman/common_cells/src/stream_omega_net.sv:281]
CRITICAL WARNING: [HDL 9-806] Syntax error near "!". [/tmp/mnt_ryloth_osman/common_cells/src/stream_omega_net.sv:281]
CRITICAL WARNING: [HDL 9-806] Syntax error near "&&". [/tmp/mnt_ryloth_osman/common_cells/src/stream_omega_net.sv:285]
CRITICAL WARNING: [HDL 9-806] Syntax error near "!". [/tmp/mnt_ryloth_osman/common_cells/src/stream_omega_net.sv:286]
CRITICAL WARNING: [HDL 9-806] Syntax error near "&&". [/tmp/mnt_ryloth_osman/common_cells/src/stream_omega_net.sv:289]
CRITICAL WARNING: [HDL 9-806] Syntax error near "!". [/tmp/mnt_ryloth_osman/common_cells/src/stream_omega_net.sv:290]
CRITICAL WARNING: [HDL 9-806] Syntax error near "&&". [/tmp/mnt_ryloth_osman/common_cells/src/stream_omega_net.sv:293]
CRITICAL WARNING: [HDL 9-806] Syntax error near "!". [/tmp/mnt_ryloth_osman/common_cells/src/stream_omega_net.sv:293]
CRITICAL WARNING: [HDL 9-806] Syntax error near "(". [/tmp/mnt_ryloth_osman/common_cells/src/stream_register.sv:37]
CRITICAL WARNING: [HDL 9-806] Syntax error near "1". [/tmp/mnt_ryloth_osman/common_cells/src/stream_register.sv:37]
CRITICAL WARNING: [HDL 9-806] Syntax error near ")". [/tmp/mnt_ryloth_osman/common_cells/src/stream_register.sv:37]
CRITICAL WARNING: [HDL 9-806] Syntax error near "'". [/tmp/mnt_ryloth_osman/common_cells/src/stream_register.sv:38]
CRITICAL WARNING: [HDL 9-806] Syntax error near ")". [/tmp/mnt_ryloth_osman/common_cells/src/stream_register.sv:38]
CRITICAL WARNING: [HDL 9-806] Syntax error near "(". [/tmp/mnt_ryloth_osman/common_cells/src/stream_throttle.sv:80]
CRITICAL WARNING: [HDL 9-806] Syntax error near "'0". [/tmp/mnt_ryloth_osman/common_cells/src/stream_throttle.sv:80]
CRITICAL WARNING: [HDL 9-806] Syntax error near ")". [/tmp/mnt_ryloth_osman/common_cells/src/stream_throttle.sv:80]
CRITICAL WARNING: [HDL 9-806] Syntax error near "(". [/tmp/mnt_ryloth_osman/common_cells/src/stream_to_mem.sv:105]
CRITICAL WARNING: [HDL 9-806] Syntax error near "'0". [/tmp/mnt_ryloth_osman/common_cells/src/stream_to_mem.sv:105]
CRITICAL WARNING: [HDL 9-806] Syntax error near ")". [/tmp/mnt_ryloth_osman/common_cells/src/stream_to_mem.sv:105]
CRITICAL WARNING: [HDL 9-806] Syntax error near "(". [/tmp/mnt_ryloth_osman/common_cells/src/stream_to_mem.sv:123]
CRITICAL WARNING: [HDL 9-806] Syntax error near "!". [/tmp/mnt_ryloth_osman/common_cells/src/stream_to_mem.sv:123]
CRITICAL WARNING: [HDL 9-806] Syntax error near "!". [/tmp/mnt_ryloth_osman/common_cells/src/stream_to_mem.sv:125]
CRITICAL WARNING: [HDL 9-806] Syntax error near "!". [/tmp/mnt_ryloth_osman/common_cells/src/stream_to_mem.sv:127]
CRITICAL WARNING: [HDL 9-806] Syntax error near "!". [/tmp/mnt_ryloth_osman/common_cells/src/stream_to_mem.sv:131]
CRITICAL WARNING: [HDL 9-806] Syntax error near "(". [/tmp/mnt_ryloth_osman/common_cells/src/stream_xbar.sv:175]
CRITICAL WARNING: [HDL 9-806] Syntax error near "|->". [/tmp/mnt_ryloth_osman/common_cells/src/stream_xbar.sv:175]
CRITICAL WARNING: [HDL 9-806] Syntax error near "!". [/tmp/mnt_ryloth_osman/common_cells/src/stream_xbar.sv:175]
CRITICAL WARNING: [HDL 9-806] Syntax error near "&&". [/tmp/mnt_ryloth_osman/common_cells/src/stream_xbar.sv:181]
CRITICAL WARNING: [HDL 9-806] Syntax error near "!". [/tmp/mnt_ryloth_osman/common_cells/src/stream_xbar.sv:182]
CRITICAL WARNING: [HDL 9-806] Syntax error near "&&". [/tmp/mnt_ryloth_osman/common_cells/src/stream_xbar.sv:183]
CRITICAL WARNING: [HDL 9-806] Syntax error near "!". [/tmp/mnt_ryloth_osman/common_cells/src/stream_xbar.sv:183]
CRITICAL WARNING: [HDL 9-806] Syntax error near "&&". [/tmp/mnt_ryloth_osman/common_cells/src/stream_xbar.sv:185]
CRITICAL WARNING: [HDL 9-806] Syntax error near "!". [/tmp/mnt_ryloth_osman/common_cells/src/stream_xbar.sv:185]
CRITICAL WARNING: [HDL 9-806] Syntax error near "&&". [/tmp/mnt_ryloth_osman/common_cells/src/stream_xbar.sv:189]
CRITICAL WARNING: [HDL 9-806] Syntax error near "!". [/tmp/mnt_ryloth_osman/common_cells/src/stream_xbar.sv:190]
CRITICAL WARNING: [HDL 9-806] Syntax error near "&&". [/tmp/mnt_ryloth_osman/common_cells/src/stream_xbar.sv:192]
CRITICAL WARNING: [HDL 9-806] Syntax error near "!". [/tmp/mnt_ryloth_osman/common_cells/src/stream_xbar.sv:192]
CRITICAL WARNING: [HDL 9-806] Syntax error near "&&". [/tmp/mnt_ryloth_osman/common_cells/src/stream_xbar.sv:194]
CRITICAL WARNING: [HDL 9-806] Syntax error near "!". [/tmp/mnt_ryloth_osman/common_cells/src/stream_xbar.sv:194]
WARNING: [filemgmt 20-644] Circular Reference Found: '.xil_defaultlib.clk_or_tree' [/tmp/mnt_ryloth_osman/common_cells/src/clk_mux_glitch_free.sv:0] -->> '.xil_defaultlib.clk_or_tree' [/tmp/mnt_ryloth_osman/common_cells/src/clk_mux_glitch_free.sv:256]
[Tue Apr 29 18:11:35 2025] Launched synth_1...
Run output will be captured here: /tmp/mnt_ryloth_osman/ITA/ITA.runs/synth_1/runme.log
set_property is_global_include true [get_files  /tmp/mnt_ryloth_osman/ITA/ITA.srcs/sources_1/imports/common_cells/assertions.svh]
set_property is_global_include false [get_files  /tmp/mnt_ryloth_osman/ITA/ITA.srcs/sources_1/imports/common_cells/assertions.svh]
export_ip_user_files -of_objects  [get_files /tmp/mnt_ryloth_osman/ITA/ITA.srcs/sources_1/imports/common_cells/assertions.svh] -no_script -reset -force -quiet
export_ip_user_files -of_objects  [get_files /tmp/mnt_ryloth_osman/ITA/ITA.srcs/sources_1/imports/common_cells/registers.svh] -no_script -reset -force -quiet
remove_files  {/tmp/mnt_ryloth_osman/ITA/ITA.srcs/sources_1/imports/common_cells/assertions.svh /tmp/mnt_ryloth_osman/ITA/ITA.srcs/sources_1/imports/common_cells/registers.svh}
add_files -norecurse -scan_for_includes {/tmp/mnt_ryloth_osman/common_cells/include/common_cells/registers.svh /tmp/mnt_ryloth_osman/common_cells/include/common_cells/assertions.svh}
import_files -force -norecurse {/tmp/mnt_ryloth_osman/common_cells/include/common_cells/registers.svh /tmp/mnt_ryloth_osman/common_cells/include/common_cells/assertions.svh}
update_compile_order -fileset sources_1
reset_run synth_1
launch_runs synth_1 -jobs 4
CRITICAL WARNING: [HDL 9-3952] use of undefined macro 'FFNR' [/tmp/mnt_ryloth_osman/common_cells/src/cdc_2phase_clearable.sv:243]
CRITICAL WARNING: [HDL 9-806] Syntax error near "(". [/tmp/mnt_ryloth_osman/common_cells/src/cdc_2phase_clearable.sv:243]
CRITICAL WARNING: [HDL 9-806] Syntax error near ")". [/tmp/mnt_ryloth_osman/common_cells/src/cdc_2phase_clearable.sv:243]
CRITICAL WARNING: [HDL 9-806] Syntax error near "(". [/tmp/mnt_ryloth_osman/common_cells/src/cdc_2phase_clearable.sv:320]
CRITICAL WARNING: [HDL 9-806] Syntax error near ")". [/tmp/mnt_ryloth_osman/common_cells/src/cdc_2phase_clearable.sv:320]
CRITICAL WARNING: [HDL 9-3952] use of undefined macro 'FFLNR' [/tmp/mnt_ryloth_osman/common_cells/src/cdc_fifo_gray.sv:196]
CRITICAL WARNING: [HDL 9-806] Syntax error near "(". [/tmp/mnt_ryloth_osman/common_cells/src/cdc_fifo_gray.sv:196]
CRITICAL WARNING: [HDL 9-806] Syntax error near ",". [/tmp/mnt_ryloth_osman/common_cells/src/cdc_fifo_gray.sv:196]
CRITICAL WARNING: [HDL 9-806] Syntax error near "&". [/tmp/mnt_ryloth_osman/common_cells/src/cdc_fifo_gray.sv:197]
CRITICAL WARNING: [HDL 9-3952] use of undefined macro 'FFLARN' [/tmp/mnt_ryloth_osman/common_cells/src/cdc_fifo_gray.sv:215]
CRITICAL WARNING: [HDL 9-806] Syntax error near "(". [/tmp/mnt_ryloth_osman/common_cells/src/cdc_fifo_gray.sv:215]
CRITICAL WARNING: [HDL 9-806] Syntax error near "&". [/tmp/mnt_ryloth_osman/common_cells/src/cdc_fifo_gray.sv:215]
CRITICAL WARNING: [HDL 9-806] Syntax error near ")". [/tmp/mnt_ryloth_osman/common_cells/src/cdc_fifo_gray.sv:215]
CRITICAL WARNING: [HDL 9-806] Syntax error near "(". [/tmp/mnt_ryloth_osman/common_cells/src/cdc_fifo_gray.sv:258]
CRITICAL WARNING: [HDL 9-806] Syntax error near "&". [/tmp/mnt_ryloth_osman/common_cells/src/cdc_fifo_gray.sv:258]
CRITICAL WARNING: [HDL 9-806] Syntax error near ")". [/tmp/mnt_ryloth_osman/common_cells/src/cdc_fifo_gray.sv:258]
CRITICAL WARNING: [HDL 9-806] Syntax error near "(". [/tmp/mnt_ryloth_osman/common_cells/src/cdc_fifo_gray_clearable.sv:294]
CRITICAL WARNING: [HDL 9-806] Syntax error near ",". [/tmp/mnt_ryloth_osman/common_cells/src/cdc_fifo_gray_clearable.sv:294]
CRITICAL WARNING: [HDL 9-806] Syntax error near "&". [/tmp/mnt_ryloth_osman/common_cells/src/cdc_fifo_gray_clearable.sv:295]
CRITICAL WARNING: [HDL 9-3952] use of undefined macro 'FFLARNC' [/tmp/mnt_ryloth_osman/common_cells/src/cdc_fifo_gray_clearable.sv:313]
CRITICAL WARNING: [HDL 9-806] Syntax error near "(". [/tmp/mnt_ryloth_osman/common_cells/src/cdc_fifo_gray_clearable.sv:313]
CRITICAL WARNING: [HDL 9-806] Syntax error near "&". [/tmp/mnt_ryloth_osman/common_cells/src/cdc_fifo_gray_clearable.sv:313]
CRITICAL WARNING: [HDL 9-806] Syntax error near "'0". [/tmp/mnt_ryloth_osman/common_cells/src/cdc_fifo_gray_clearable.sv:313]
CRITICAL WARNING: [HDL 9-806] Syntax error near ")". [/tmp/mnt_ryloth_osman/common_cells/src/cdc_fifo_gray_clearable.sv:313]
CRITICAL WARNING: [HDL 9-806] Syntax error near "(". [/tmp/mnt_ryloth_osman/common_cells/src/cdc_fifo_gray_clearable.sv:357]
CRITICAL WARNING: [HDL 9-806] Syntax error near "&". [/tmp/mnt_ryloth_osman/common_cells/src/cdc_fifo_gray_clearable.sv:357]
CRITICAL WARNING: [HDL 9-806] Syntax error near "'0". [/tmp/mnt_ryloth_osman/common_cells/src/cdc_fifo_gray_clearable.sv:357]
CRITICAL WARNING: [HDL 9-806] Syntax error near ")". [/tmp/mnt_ryloth_osman/common_cells/src/cdc_fifo_gray_clearable.sv:357]
CRITICAL WARNING: [HDL 9-3952] use of undefined macro 'FFARNC' [/tmp/mnt_ryloth_osman/common_cells/src/credit_counter.sv:45]
CRITICAL WARNING: [HDL 9-806] Syntax error near "(". [/tmp/mnt_ryloth_osman/common_cells/src/credit_counter.sv:45]
CRITICAL WARNING: [HDL 9-806] Syntax error near ")". [/tmp/mnt_ryloth_osman/common_cells/src/credit_counter.sv:45]
CRITICAL WARNING: [HDL 9-806] Syntax error near "(". [/tmp/mnt_ryloth_osman/common_cells/src/isochronous_4phase_handshake.sv:59]
CRITICAL WARNING: [HDL 9-806] Syntax error near ")". [/tmp/mnt_ryloth_osman/common_cells/src/isochronous_4phase_handshake.sv:59]
CRITICAL WARNING: [HDL 9-3952] use of undefined macro 'FFARN' [/tmp/mnt_ryloth_osman/common_cells/src/isochronous_4phase_handshake.sv:61]
CRITICAL WARNING: [HDL 9-806] Syntax error near "1". [/tmp/mnt_ryloth_osman/common_cells/src/isochronous_4phase_handshake.sv:61]
CRITICAL WARNING: [HDL 9-806] Syntax error near ")". [/tmp/mnt_ryloth_osman/common_cells/src/isochronous_4phase_handshake.sv:61]
CRITICAL WARNING: [HDL 9-806] Syntax error near ")". [/tmp/mnt_ryloth_osman/common_cells/src/isochronous_4phase_handshake.sv:66]
CRITICAL WARNING: [HDL 9-806] Syntax error near "1". [/tmp/mnt_ryloth_osman/common_cells/src/isochronous_4phase_handshake.sv:68]
CRITICAL WARNING: [HDL 9-806] Syntax error near ")". [/tmp/mnt_ryloth_osman/common_cells/src/isochronous_4phase_handshake.sv:68]
CRITICAL WARNING: [HDL 9-806] Syntax error near "(". [/tmp/mnt_ryloth_osman/common_cells/src/isochronous_spill_register.sv:82]
CRITICAL WARNING: [HDL 9-806] Syntax error near ")". [/tmp/mnt_ryloth_osman/common_cells/src/isochronous_spill_register.sv:82]
CRITICAL WARNING: [HDL 9-806] Syntax error near ")". [/tmp/mnt_ryloth_osman/common_cells/src/isochronous_spill_register.sv:84]
CRITICAL WARNING: [HDL 9-806] Syntax error near "(". [/tmp/mnt_ryloth_osman/common_cells/src/isochronous_spill_register.sv:87]
CRITICAL WARNING: [HDL 9-806] Syntax error near "(". [/tmp/mnt_ryloth_osman/common_cells/src/isochronous_spill_register.sv:87]
CRITICAL WARNING: [HDL 9-806] Syntax error near "=". [/tmp/mnt_ryloth_osman/common_cells/src/isochronous_spill_register.sv:90]
CRITICAL WARNING: [HDL 9-806] Syntax error near "end". [/tmp/mnt_ryloth_osman/common_cells/src/isochronous_spill_register.sv:97]
CRITICAL WARNING: [HDL 9-3952] use of undefined macro 'FF' [/tmp/mnt_ryloth_osman/common_cells/src/passthrough_stream_fifo.sv:112]
CRITICAL WARNING: [HDL 9-806] Syntax error near "(". [/tmp/mnt_ryloth_osman/common_cells/src/passthrough_stream_fifo.sv:112]
CRITICAL WARNING: [HDL 9-806] Syntax error near "'0". [/tmp/mnt_ryloth_osman/common_cells/src/passthrough_stream_fifo.sv:112]
CRITICAL WARNING: [HDL 9-806] Syntax error near ")". [/tmp/mnt_ryloth_osman/common_cells/src/passthrough_stream_fifo.sv:112]
CRITICAL WARNING: [HDL 9-806] Syntax error near "'0". [/tmp/mnt_ryloth_osman/common_cells/src/passthrough_stream_fifo.sv:113]
CRITICAL WARNING: [HDL 9-806] Syntax error near ")". [/tmp/mnt_ryloth_osman/common_cells/src/passthrough_stream_fifo.sv:113]
CRITICAL WARNING: [HDL 9-3952] use of undefined macro 'FFL' [/tmp/mnt_ryloth_osman/common_cells/src/passthrough_stream_fifo.sv:115]
CRITICAL WARNING: [HDL 9-806] Syntax error near "'0". [/tmp/mnt_ryloth_osman/common_cells/src/passthrough_stream_fifo.sv:115]
CRITICAL WARNING: [HDL 9-806] Syntax error near ")". [/tmp/mnt_ryloth_osman/common_cells/src/passthrough_stream_fifo.sv:115]
CRITICAL WARNING: [HDL 9-806] Syntax error near "(". [/tmp/mnt_ryloth_osman/common_cells/src/shift_reg_gated.sv:52]
CRITICAL WARNING: [HDL 9-806] Syntax error near ",". [/tmp/mnt_ryloth_osman/common_cells/src/shift_reg_gated.sv:52]
CRITICAL WARNING: [HDL 9-806] Syntax error near "'0". [/tmp/mnt_ryloth_osman/common_cells/src/shift_reg_gated.sv:52]
CRITICAL WARNING: [HDL 9-806] Syntax error near ")". [/tmp/mnt_ryloth_osman/common_cells/src/shift_reg_gated.sv:52]
CRITICAL WARNING: [HDL 9-806] Syntax error near "'". [/tmp/mnt_ryloth_osman/common_cells/src/shift_reg_gated.sv:56]
CRITICAL WARNING: [HDL 9-806] Syntax error near ")". [/tmp/mnt_ryloth_osman/common_cells/src/shift_reg_gated.sv:56]
CRITICAL WARNING: [HDL 9-806] Syntax error near "endmodule". [/tmp/mnt_ryloth_osman/common_cells/src/shift_reg_gated.sv:65]
CRITICAL WARNING: [HDL 9-806] Syntax error near "(". [/tmp/mnt_ryloth_osman/common_cells/src/stream_register.sv:37]
CRITICAL WARNING: [HDL 9-806] Syntax error near "1". [/tmp/mnt_ryloth_osman/common_cells/src/stream_register.sv:37]
CRITICAL WARNING: [HDL 9-806] Syntax error near ")". [/tmp/mnt_ryloth_osman/common_cells/src/stream_register.sv:37]
CRITICAL WARNING: [HDL 9-806] Syntax error near "'". [/tmp/mnt_ryloth_osman/common_cells/src/stream_register.sv:38]
CRITICAL WARNING: [HDL 9-806] Syntax error near ")". [/tmp/mnt_ryloth_osman/common_cells/src/stream_register.sv:38]
CRITICAL WARNING: [HDL 9-806] Syntax error near "(". [/tmp/mnt_ryloth_osman/common_cells/src/stream_throttle.sv:80]
CRITICAL WARNING: [HDL 9-806] Syntax error near "'0". [/tmp/mnt_ryloth_osman/common_cells/src/stream_throttle.sv:80]
CRITICAL WARNING: [HDL 9-806] Syntax error near ")". [/tmp/mnt_ryloth_osman/common_cells/src/stream_throttle.sv:80]
CRITICAL WARNING: [HDL 9-806] Syntax error near "(". [/tmp/mnt_ryloth_osman/common_cells/src/stream_to_mem.sv:105]
CRITICAL WARNING: [HDL 9-806] Syntax error near "'0". [/tmp/mnt_ryloth_osman/common_cells/src/stream_to_mem.sv:105]
CRITICAL WARNING: [HDL 9-806] Syntax error near ")". [/tmp/mnt_ryloth_osman/common_cells/src/stream_to_mem.sv:105]
WARNING: [filemgmt 20-644] Circular Reference Found: '.xil_defaultlib.clk_or_tree' [/tmp/mnt_ryloth_osman/common_cells/src/clk_mux_glitch_free.sv:0] -->> '.xil_defaultlib.clk_or_tree' [/tmp/mnt_ryloth_osman/common_cells/src/clk_mux_glitch_free.sv:256]
[Tue Apr 29 18:16:02 2025] Launched synth_1...
Run output will be captured here: /tmp/mnt_ryloth_osman/ITA/ITA.runs/synth_1/runme.log
open_run synth_1 -name synth_1
Design is defaulting to impl run constrset: constrs_1
Design is defaulting to synth run part: xczu7ev-ffvc1156-2-e
INFO: [Device 21-403] Loading part xczu7ev-ffvc1156-2-e
INFO: [Netlist 29-17] Analyzing 80 Unisim elements for replacement
INFO: [Netlist 29-28] Unisim Transformation completed in 0 CPU seconds
INFO: [Project 1-479] Netlist was created with Vivado 2019.1
INFO: [Project 1-570] Preparing netlist for logic optimization
INFO: [Opt 31-138] Pushed 0 inverter(s) to 0 load pin(s).
Netlist sorting complete. Time (s): cpu = 00:00:00 ; elapsed = 00:00:00 . Memory (MB): peak = 7758.777 ; gain = 0.000 ; free physical = 4497 ; free virtual = 12466
INFO: [Project 1-111] Unisim Transformation Summary:
  A total of 80 instances were transformed.
  IBUF => IBUF (IBUFCTRL, INBUF): 80 instances

open_run: Time (s): cpu = 00:00:22 ; elapsed = 00:00:24 . Memory (MB): peak = 7955.938 ; gain = 1183.711 ; free physical = 4210 ; free virtual = 12186
report_utilization -name utilization_1
exit
INFO: [Common 17-206] Exiting Vivado at Tue Apr 29 18:39:46 2025...
