Copyright 1986-2019 Xilinx, Inc. All Rights Reserved.
-------------------------------------------------------------------------------------------------------------------
| Tool Version : Vivado v.2019.1 (lin64) Build 2552052 Fri May 24 14:47:09 MDT 2019
| Date         : Wed May  7 20:37:50 2025
| Host         : gpu13 running 64-bit Ubuntu 20.04.6 LTS
| Command      : report_utilization -file ita_hwpe_top_utilization_synth.rpt -pb ita_hwpe_top_utilization_synth.pb
| Design       : ita_hwpe_top
| Device       : xczu7evffvc1156-2
| Design State : Synthesized
-------------------------------------------------------------------------------------------------------------------

Utilization Design Information

Table of Contents
-----------------
1. CLB Logic
1.1 Summary of Registers by Type
2. BLOCKRAM
3. ARITHMETIC
4. I/O
5. CLOCK
6. ADVANCED
7. CONFIGURATION
8. Primitives
9. Black Boxes
10. Instantiated Netlists

1. CLB Logic
------------

+----------------------------+-------+-------+-----------+-------+
|          Site Type         |  Used | Fixed | Available | Util% |
+----------------------------+-------+-------+-----------+-------+
| CLB LUTs*                  | 69830 |     0 |    230400 | 30.31 |
|   LUT as Logic             | 69828 |     0 |    230400 | 30.31 |
|   LUT as Memory            |     2 |     0 |    101760 | <0.01 |
|     LUT as Distributed RAM |     0 |     0 |           |       |
|     LUT as Shift Register  |     2 |     0 |           |       |
| CLB Registers              | 13413 |     0 |    460800 |  2.91 |
|   Register as Flip Flop    | 11191 |     0 |    460800 |  2.43 |
|   Register as Latch        |  2222 |     0 |    460800 |  0.48 |
| CARRY8                     | 11369 |     0 |     28800 | 39.48 |
| F7 Muxes                   |    48 |     0 |    115200 |  0.04 |
| F8 Muxes                   |     4 |     0 |     57600 | <0.01 |
| F9 Muxes                   |     0 |     0 |     28800 |  0.00 |
+----------------------------+-------+-------+-----------+-------+
* Warning! The Final LUT count, after physical optimizations and full implementation, is typically lower. Run opt_design after synthesis, if not already completed, for a more realistic count.


1.1 Summary of Registers by Type
--------------------------------

+-------+--------------+-------------+--------------+
| Total | Clock Enable | Synchronous | Asynchronous |
+-------+--------------+-------------+--------------+
| 0     |            _ |           - |            - |
| 0     |            _ |           - |          Set |
| 0     |            _ |           - |        Reset |
| 0     |            _ |         Set |            - |
| 0     |            _ |       Reset |            - |
| 0     |          Yes |           - |            - |
| 5     |          Yes |           - |          Set |
| 13135 |          Yes |           - |        Reset |
| 0     |          Yes |         Set |            - |
| 273   |          Yes |       Reset |            - |
+-------+--------------+-------------+--------------+


2. BLOCKRAM
-----------

+-------------------+------+-------+-----------+-------+
|     Site Type     | Used | Fixed | Available | Util% |
+-------------------+------+-------+-----------+-------+
| Block RAM Tile    | 15.5 |     0 |       312 |  4.97 |
|   RAMB36/FIFO*    |   15 |     0 |       312 |  4.81 |
|     RAMB36E2 only |   15 |       |           |       |
|   RAMB18          |    1 |     0 |       624 |  0.16 |
|     RAMB18E2 only |    1 |       |           |       |
| URAM              |    0 |     0 |        96 |  0.00 |
+-------------------+------+-------+-----------+-------+
* Note: Each Block RAM Tile only has one FIFO logic available and therefore can accommodate only one FIFO36E2 or one FIFO18E2. However, if a FIFO18E2 occupies a Block RAM Tile, that tile can still accommodate a RAMB18E2


3. ARITHMETIC
-------------

+----------------+------+-------+-----------+-------+
|    Site Type   | Used | Fixed | Available | Util% |
+----------------+------+-------+-----------+-------+
| DSPs           |   37 |     0 |      1728 |  2.14 |
|   DSP48E2 only |   37 |       |           |       |
+----------------+------+-------+-----------+-------+


4. I/O
------

+------------+------+-------+-----------+-------+
|  Site Type | Used | Fixed | Available | Util% |
+------------+------+-------+-----------+-------+
| Bonded IOB |    0 |     0 |       360 |  0.00 |
+------------+------+-------+-----------+-------+


5. CLOCK
--------

+----------------------+------+-------+-----------+-------+
|       Site Type      | Used | Fixed | Available | Util% |
+----------------------+------+-------+-----------+-------+
| GLOBAL CLOCK BUFFERs |    0 |     0 |       544 |  0.00 |
|   BUFGCE             |    0 |     0 |       208 |  0.00 |
|   BUFGCE_DIV         |    0 |     0 |        32 |  0.00 |
|   BUFG_GT            |    0 |     0 |       144 |  0.00 |
|   BUFG_PS            |    0 |     0 |        96 |  0.00 |
|   BUFGCTRL*          |    0 |     0 |        64 |  0.00 |
| PLL                  |    0 |     0 |        16 |  0.00 |
| MMCM                 |    0 |     0 |         8 |  0.00 |
+----------------------+------+-------+-----------+-------+
* Note: Each used BUFGCTRL counts as two GLOBAL CLOCK BUFFERs. This table does not include global clocking resources, only buffer cell usage. See the Clock Utilization Report (report_clock_utilization) for detailed accounting of global clocking resource availability.


6. ADVANCED
-----------

+-----------------+------+-------+-----------+-------+
|    Site Type    | Used | Fixed | Available | Util% |
+-----------------+------+-------+-----------+-------+
| GTHE4_CHANNEL   |    0 |     0 |        20 |  0.00 |
| GTHE4_COMMON    |    0 |     0 |         5 |  0.00 |
| OBUFDS_GTE4     |    0 |     0 |        10 |  0.00 |
| OBUFDS_GTE4_ADV |    0 |     0 |        10 |  0.00 |
| PCIE40E4        |    0 |     0 |         2 |  0.00 |
| PS8             |    0 |     0 |         1 |  0.00 |
| SYSMONE4        |    0 |     0 |         1 |  0.00 |
| VCU             |    0 |     0 |         1 |  0.00 |
+-----------------+------+-------+-----------+-------+


7. CONFIGURATION
----------------

+-------------+------+-------+-----------+-------+
|  Site Type  | Used | Fixed | Available | Util% |
+-------------+------+-------+-----------+-------+
| BSCANE2     |    0 |     0 |         4 |  0.00 |
| DNA_PORTE2  |    0 |     0 |         1 |  0.00 |
| EFUSE_USR   |    0 |     0 |         1 |  0.00 |
| FRAME_ECCE4 |    0 |     0 |         1 |  0.00 |
| ICAPE3      |    0 |     0 |         2 |  0.00 |
| MASTER_JTAG |    0 |     0 |         1 |  0.00 |
| STARTUPE3   |    0 |     0 |         1 |  0.00 |
+-------------+------+-------+-----------+-------+


8. Primitives
-------------

+----------+-------+---------------------+
| Ref Name |  Used | Functional Category |
+----------+-------+---------------------+
| LUT2     | 38517 |                 CLB |
| LUT6     | 12707 |                 CLB |
| LUT4     | 11693 |                 CLB |
| CARRY8   | 11369 |                 CLB |
| LUT5     | 11245 |                 CLB |
| FDCE     | 10913 |            Register |
| LUT3     |  6581 |                 CLB |
| LUT1     |  5106 |                 CLB |
| LDCE     |  2222 |            Register |
| FDRE     |   273 |            Register |
| MUXF7    |    48 |                 CLB |
| DSP48E2  |    37 |          Arithmetic |
| RAMB36E2 |    15 |           Block Ram |
| FDPE     |     5 |            Register |
| MUXF8    |     4 |                 CLB |
| SRL16E   |     2 |                 CLB |
| RAMB18E2 |     1 |           Block Ram |
+----------+-------+---------------------+


9. Black Boxes
--------------

+----------+------+
| Ref Name | Used |
+----------+------+


10. Instantiated Netlists
-------------------------

+----------+------+
| Ref Name | Used |
+----------+------+


