Copyright 1986-2019 Xilinx, Inc. All Rights Reserved.
-------------------------------------------------------------------------------------------------------------------------------------------------
| Tool Version     : Vivado v.2019.1 (lin64) Build 2552052 Fri May 24 14:47:09 MDT 2019
| Date             : Fri May  2 11:49:31 2025
| Host             : gpu13 running 64-bit Ubuntu 20.04.6 LTS
| Command          : report_power -file cb_filter_power_routed.rpt -pb cb_filter_power_summary_routed.pb -rpx cb_filter_power_routed.rpx
| Design           : cb_filter
| Device           : xczu7ev-ffvc1156-2-e
| Design State     : routed
| Grade            : extended
| Process          : typical
| Characterization : Production
-------------------------------------------------------------------------------------------------------------------------------------------------

Power Report

Table of Contents
-----------------
1. Summary
1.1 On-Chip Components
1.2 Power Supply Summary
1.3 Confidence Level
2. Settings
2.1 Environment
2.2 Clock Constraints
3. Detailed Reports
3.1 By Hierarchy

1. Summary
----------

+--------------------------+--------------+
| Total On-Chip Power (W)  | 6.407        |
| Design Power Budget (W)  | Unspecified* |
| Power Budget Margin (W)  | NA           |
| Dynamic (W)              | 5.782        |
| Device Static (W)        | 0.624        |
| Effective TJA (C/W)      | 1.0          |
| Max Ambient (C)          | 93.8         |
| Junction Temperature (C) | 31.2         |
| Confidence Level         | Low          |
| Setting File             | ---          |
| Simulation Activity File | ---          |
| Design Nets Matched      | NA           |
+--------------------------+--------------+
* Specify Design Power Budget using, set_operating_conditions -design_power_budget <value in Watts>


1.1 On-Chip Components
----------------------

+----------------+-----------+----------+-----------+-----------------+
| On-Chip        | Power (W) | Used     | Available | Utilization (%) |
+----------------+-----------+----------+-----------+-----------------+
| CLB Logic      |     1.367 |      392 |       --- |             --- |
|   LUT as Logic |     1.337 |      255 |    230400 |            0.11 |
|   Register     |     0.029 |       85 |    460800 |            0.02 |
|   BUFG         |    <0.001 |        1 |        64 |            1.56 |
|   Others       |     0.000 |        1 |       --- |             --- |
| Signals        |     1.582 |      395 |       --- |             --- |
| I/O            |     2.833 |       88 |       360 |           24.44 |
| Static Power   |     0.624 |          |           |                 |
| Total          |     6.407 |          |           |                 |
+----------------+-----------+----------+-----------+-----------------+


1.2 Power Supply Summary
------------------------

+-----------------+-------------+-----------+-------------+------------+
| Source          | Voltage (V) | Total (A) | Dynamic (A) | Static (A) |
+-----------------+-------------+-----------+-------------+------------+
| Vccint          |       0.850 |     3.666 |       3.495 |      0.171 |
| Vccint_io       |       0.850 |     0.392 |       0.320 |      0.072 |
| Vccbram         |       0.850 |     0.002 |       0.000 |      0.002 |
| Vccaux          |       1.800 |     0.146 |       0.000 |      0.146 |
| Vccaux_io       |       1.800 |     0.364 |       0.309 |      0.055 |
| Vcco33          |       3.300 |     0.000 |       0.000 |      0.000 |
| Vcco25          |       2.500 |     0.000 |       0.000 |      0.000 |
| Vcco18          |       1.800 |     1.102 |       1.102 |      0.000 |
| Vcco15          |       1.500 |     0.000 |       0.000 |      0.000 |
| Vcco135         |       1.350 |     0.000 |       0.000 |      0.000 |
| Vcco12          |       1.200 |     0.000 |       0.000 |      0.000 |
| Vcco10          |       1.000 |     0.000 |       0.000 |      0.000 |
| Vccadc          |       1.800 |     0.008 |       0.000 |      0.008 |
| VCC_PSINTFP     |       0.850 |     0.000 |       0.000 |      0.000 |
| VCC_PSINTLP     |       0.850 |     0.006 |       0.000 |      0.006 |
| VPS_MGTRAVCC    |       0.850 |     0.000 |       0.000 |      0.000 |
| VCC_PSINTFP_DDR |       0.850 |     0.000 |       0.000 |      0.000 |
| VCC_PSPLL       |       1.200 |     0.002 |       0.000 |      0.002 |
| VPS_MGTRAVTT    |       1.800 |     0.000 |       0.000 |      0.000 |
| VCCO_PSDDR_504  |       1.200 |     0.000 |       0.000 |      0.000 |
| VCC_PSAUX       |       1.800 |     0.002 |       0.000 |      0.002 |
| VCC_PSBATT      |       1.200 |     0.000 |       0.000 |      0.000 |
| VCC_PSDDR_PLL   |       1.800 |     0.000 |       0.000 |      0.000 |
| VCCO_PSIO0_500  |       3.300 |     0.000 |       0.000 |      0.000 |
| VCCO_PSIO1_501  |       3.300 |     0.000 |       0.000 |      0.000 |
| VCCO_PSIO2_502  |       3.300 |     0.000 |       0.000 |      0.000 |
| VCCO_PSIO3_503  |       3.300 |     0.000 |       0.000 |      0.000 |
| VCC_PSADC       |       1.800 |     0.002 |       0.000 |      0.002 |
| VCCINT_VCU      |       0.900 |     0.030 |       0.000 |      0.030 |
| MGTAVcc         |       0.900 |     0.000 |       0.000 |      0.000 |
| MGTAVtt         |       1.200 |     0.000 |       0.000 |      0.000 |
| MGTVccaux       |       1.800 |     0.000 |       0.000 |      0.000 |
+-----------------+-------------+-----------+-------------+------------+


1.3 Confidence Level
--------------------

+-----------------------------+------------+--------------------------------------------------------+--------------------------------------------------------------------------------------------------------------------+
| User Input Data             | Confidence | Details                                                | Action                                                                                                             |
+-----------------------------+------------+--------------------------------------------------------+--------------------------------------------------------------------------------------------------------------------+
| Design implementation state | High       | Design is routed                                       |                                                                                                                    |
| Clock nodes activity        | Low        | User specified less than 75% of clocks                 | Provide missing clock activity with a constraint file, simulation results or by editing the "By Clock Domain" view |
| I/O nodes activity          | Low        | More than 75% of inputs are missing user specification | Provide missing input activity with simulation results or by editing the "By Resource Type -> I/Os" view           |
| Internal nodes activity     | Medium     | User specified less than 25% of internal nodes         | Provide missing internal nodes activity with simulation results or by editing the "By Resource Type" views         |
| Device models               | High       | Device models are Production                           |                                                                                                                    |
|                             |            |                                                        |                                                                                                                    |
| Overall confidence level    | Low        |                                                        |                                                                                                                    |
+-----------------------------+------------+--------------------------------------------------------+--------------------------------------------------------------------------------------------------------------------+


2. Settings
-----------

2.1 Environment
---------------

+-----------------------+--------------------------+
| Ambient Temp (C)      | 25.0                     |
| ThetaJA (C/W)         | 1.0                      |
| Airflow (LFM)         | 250                      |
| Heat Sink             | medium (Medium Profile)  |
| ThetaSA (C/W)         | 1.5                      |
| Board Selection       | medium (10"x10")         |
| # of Board Layers     | 12to15 (12 to 15 Layers) |
| Board Temperature (C) | 25.0                     |
+-----------------------+--------------------------+


2.2 Clock Constraints
---------------------

+-------+--------+-----------------+
| Clock | Domain | Constraint (ns) |
+-------+--------+-----------------+


3. Detailed Reports
-------------------

3.1 By Hierarchy
----------------

+-----------------------------+-----------+
| Name                        | Power (W) |
+-----------------------------+-----------+
| cb_filter                   |     5.782 |
|   clk_i_IBUF_inst           |     0.004 |
|   decr_data_i_IBUF[0]_inst  |     0.010 |
|   decr_data_i_IBUF[10]_inst |     0.014 |
|   decr_data_i_IBUF[11]_inst |     0.008 |
|   decr_data_i_IBUF[13]_inst |     0.013 |
|   decr_data_i_IBUF[14]_inst |     0.010 |
|   decr_data_i_IBUF[15]_inst |     0.009 |
|   decr_data_i_IBUF[16]_inst |     0.008 |
|   decr_data_i_IBUF[17]_inst |     0.011 |
|   decr_data_i_IBUF[18]_inst |     0.008 |
|   decr_data_i_IBUF[1]_inst  |     0.014 |
|   decr_data_i_IBUF[20]_inst |     0.008 |
|   decr_data_i_IBUF[21]_inst |     0.009 |
|   decr_data_i_IBUF[22]_inst |     0.007 |
|   decr_data_i_IBUF[23]_inst |     0.007 |
|   decr_data_i_IBUF[24]_inst |     0.007 |
|   decr_data_i_IBUF[26]_inst |     0.008 |
|   decr_data_i_IBUF[27]_inst |     0.010 |
|   decr_data_i_IBUF[29]_inst |     0.010 |
|   decr_data_i_IBUF[30]_inst |     0.008 |
|   decr_data_i_IBUF[31]_inst |     0.009 |
|   decr_data_i_IBUF[4]_inst  |     0.008 |
|   decr_data_i_IBUF[5]_inst  |     0.009 |
|   decr_data_i_IBUF[7]_inst  |     0.011 |
|   decr_data_i_IBUF[8]_inst  |     0.011 |
|   decr_data_i_IBUF[9]_inst  |     0.015 |
|   decr_valid_i_IBUF_inst    |     0.031 |
|   filter_clear_i_IBUF_inst  |     0.043 |
|   gen_buckets[0].i_bucket   |     0.168 |
|     i_counter               |     0.168 |
|   gen_buckets[10].i_bucket  |     0.091 |
|     i_counter               |     0.091 |
|   gen_buckets[11].i_bucket  |     0.143 |
|     i_counter               |     0.143 |
|   gen_buckets[12].i_bucket  |     0.174 |
|     i_counter               |     0.174 |
|   gen_buckets[13].i_bucket  |     0.141 |
|     i_counter               |     0.141 |
|   gen_buckets[14].i_bucket  |     0.184 |
|     i_counter               |     0.184 |
|   gen_buckets[15].i_bucket  |     0.153 |
|     i_counter               |     0.153 |
|   gen_buckets[1].i_bucket   |     0.086 |
|     i_counter               |     0.086 |
|   gen_buckets[2].i_bucket   |     0.085 |
|     i_counter               |     0.085 |
|   gen_buckets[3].i_bucket   |     0.202 |
|     i_counter               |     0.202 |
|   gen_buckets[4].i_bucket   |     0.108 |
|     i_counter               |     0.108 |
|   gen_buckets[5].i_bucket   |     0.096 |
|     i_counter               |     0.096 |
|   gen_buckets[6].i_bucket   |     0.100 |
|     i_counter               |     0.100 |
|   gen_buckets[7].i_bucket   |     0.138 |
|     i_counter               |     0.138 |
|   gen_buckets[8].i_bucket   |     0.084 |
|     i_counter               |     0.084 |
|   gen_buckets[9].i_bucket   |     0.119 |
|     i_counter               |     0.119 |
|   i_tot_count               |     0.050 |
|     i_counter               |     0.050 |
|   incr_data_i_IBUF[0]_inst  |     0.009 |
|   incr_data_i_IBUF[10]_inst |     0.010 |
|   incr_data_i_IBUF[11]_inst |     0.009 |
|   incr_data_i_IBUF[13]_inst |     0.009 |
|   incr_data_i_IBUF[14]_inst |     0.008 |
|   incr_data_i_IBUF[15]_inst |     0.011 |
|   incr_data_i_IBUF[16]_inst |     0.008 |
|   incr_data_i_IBUF[17]_inst |     0.009 |
|   incr_data_i_IBUF[18]_inst |     0.010 |
|   incr_data_i_IBUF[1]_inst  |     0.011 |
|   incr_data_i_IBUF[20]_inst |     0.008 |
|   incr_data_i_IBUF[21]_inst |     0.009 |
|   incr_data_i_IBUF[22]_inst |     0.009 |
|   incr_data_i_IBUF[23]_inst |     0.009 |
|   incr_data_i_IBUF[24]_inst |     0.008 |
|   incr_data_i_IBUF[26]_inst |     0.008 |
|   incr_data_i_IBUF[27]_inst |     0.010 |
|   incr_data_i_IBUF[29]_inst |     0.011 |
|   incr_data_i_IBUF[30]_inst |     0.011 |
|   incr_data_i_IBUF[31]_inst |     0.010 |
|   incr_data_i_IBUF[4]_inst  |     0.009 |
|   incr_data_i_IBUF[5]_inst  |     0.012 |
|   incr_data_i_IBUF[7]_inst  |     0.014 |
|   incr_data_i_IBUF[8]_inst  |     0.015 |
|   incr_data_i_IBUF[9]_inst  |     0.008 |
|   incr_valid_i_IBUF_inst    |     0.022 |
|   look_data_i_IBUF[0]_inst  |     0.008 |
|   look_data_i_IBUF[10]_inst |     0.009 |
|   look_data_i_IBUF[11]_inst |     0.008 |
|   look_data_i_IBUF[13]_inst |     0.007 |
|   look_data_i_IBUF[14]_inst |     0.008 |
|   look_data_i_IBUF[15]_inst |     0.009 |
|   look_data_i_IBUF[16]_inst |     0.008 |
|   look_data_i_IBUF[17]_inst |     0.010 |
|   look_data_i_IBUF[18]_inst |     0.010 |
|   look_data_i_IBUF[1]_inst  |     0.010 |
|   look_data_i_IBUF[20]_inst |     0.008 |
|   look_data_i_IBUF[21]_inst |     0.009 |
|   look_data_i_IBUF[22]_inst |     0.008 |
|   look_data_i_IBUF[23]_inst |     0.013 |
|   look_data_i_IBUF[24]_inst |     0.009 |
|   look_data_i_IBUF[26]_inst |     0.008 |
|   look_data_i_IBUF[27]_inst |     0.015 |
|   look_data_i_IBUF[29]_inst |     0.008 |
|   look_data_i_IBUF[30]_inst |     0.010 |
|   look_data_i_IBUF[31]_inst |     0.009 |
|   look_data_i_IBUF[4]_inst  |     0.008 |
|   look_data_i_IBUF[5]_inst  |     0.008 |
|   look_data_i_IBUF[7]_inst  |     0.009 |
|   look_data_i_IBUF[8]_inst  |     0.011 |
|   look_data_i_IBUF[9]_inst  |     0.009 |
+-----------------------------+-----------+


