
*** Running vivado
    with args -log ita.vdi -applog -m64 -product Vivado -messageDb vivado.pb -mode batch -source ita.tcl -notrace


****** Vivado v2019.1 (64-bit)
  **** SW Build 2552052 on Fri May 24 14:47:09 MDT 2019
  **** IP Build 2548770 on Fri May 24 18:01:18 MDT 2019
    ** Copyright 1986-2019 Xilinx, Inc. All Rights Reserved.

source ita.tcl -notrace
Command: link_design -top ita -part xczu7ev-ffvc1156-2-e
Design is defaulting to srcset: sources_1
Design is defaulting to constrset: constrs_1
INFO: [Device 21-403] Loading part xczu7ev-ffvc1156-2-e
INFO: [Netlist 29-17] Analyzing 14524 Unisim elements for replacement
INFO: [Netlist 29-28] Unisim Transformation completed in 1 CPU seconds
INFO: [Project 1-479] Netlist was created with Vivado 2019.1
INFO: [Project 1-570] Preparing netlist for logic optimization
Sourcing Tcl File [/nfs/tools/xilinx/Vivado/2019.1/data/ip/xpm/xpm_memory/tcl/xpm_memory_xdc.tcl] for cell 'i_accumulator/partialsum_buffer_sram.i_partialsum_buffer/gen_2_ports.i_xpm_memory_tdpram'
Finished Sourcing Tcl File [/nfs/tools/xilinx/Vivado/2019.1/data/ip/xpm/xpm_memory/tcl/xpm_memory_xdc.tcl] for cell 'i_accumulator/partialsum_buffer_sram.i_partialsum_buffer/gen_2_ports.i_xpm_memory_tdpram'
Netlist sorting complete. Time (s): cpu = 00:00:00.02 ; elapsed = 00:00:00.01 . Memory (MB): peak = 2641.758 ; gain = 0.000 ; free physical = 8820 ; free virtual = 17017
INFO: [Project 1-111] Unisim Transformation Summary:
  A total of 1484 instances were transformed.
  DSP48E2 => DSP48E2 (DSP_ALU, DSP_A_B_DATA, DSP_C_DATA, DSP_MULTIPLIER, DSP_M_DATA, DSP_OUTPUT, DSP_PREADD_DATA, DSP_PREADD): 73 instances
  IBUF => IBUF (IBUFCTRL, INBUF): 1411 instances

6 Infos, 0 Warnings, 0 Critical Warnings and 0 Errors encountered.
link_design completed successfully
link_design: Time (s): cpu = 00:00:22 ; elapsed = 00:00:40 . Memory (MB): peak = 2641.758 ; gain = 1231.516 ; free physical = 8686 ; free virtual = 16883
Command: opt_design
Attempting to get a license for feature 'Implementation' and/or device 'xczu7ev'
INFO: [Common 17-349] Got license for feature 'Implementation' and/or device 'xczu7ev'
Running DRC as a precondition to command opt_design

Starting DRC Task
INFO: [DRC 23-27] Running DRC with 4 threads
INFO: [Project 1-461] DRC finished with 0 Errors
INFO: [Project 1-462] Please refer to the DRC report (report_drc) for more information.

Time (s): cpu = 00:00:03 ; elapsed = 00:00:02 . Memory (MB): peak = 2676.742 ; gain = 34.984 ; free physical = 8876 ; free virtual = 17074

Starting Cache Timing Information Task
INFO: [Timing 38-35] Done setting XDC timing constraints.
Ending Cache Timing Information Task | Checksum: 5b325127

Time (s): cpu = 00:00:13 ; elapsed = 00:00:13 . Memory (MB): peak = 3178.125 ; gain = 501.383 ; free physical = 8176 ; free virtual = 16375

Starting Logic Optimization Task

Phase 1 Retarget
INFO: [Opt 31-138] Pushed 1 inverter(s) to 25721 load pin(s).
INFO: [Opt 31-49] Retargeted 0 cell(s).
Phase 1 Retarget | Checksum: 1333859cd

Time (s): cpu = 00:00:11 ; elapsed = 00:00:08 . Memory (MB): peak = 3334.949 ; gain = 25.012 ; free physical = 8373 ; free virtual = 16575
INFO: [Opt 31-389] Phase Retarget created 35 cells and removed 103 cells

Phase 2 Constant propagation
INFO: [Opt 31-138] Pushed 0 inverter(s) to 0 load pin(s).
Phase 2 Constant propagation | Checksum: e91970da

Time (s): cpu = 00:00:13 ; elapsed = 00:00:10 . Memory (MB): peak = 3334.949 ; gain = 25.012 ; free physical = 8367 ; free virtual = 16568
INFO: [Opt 31-389] Phase Constant propagation created 26 cells and removed 521 cells

Phase 3 Sweep
Phase 3 Sweep | Checksum: 16cc9d924

Time (s): cpu = 00:00:17 ; elapsed = 00:00:14 . Memory (MB): peak = 3334.949 ; gain = 25.012 ; free physical = 8237 ; free virtual = 16439
INFO: [Opt 31-389] Phase Sweep created 0 cells and removed 0 cells

Phase 4 BUFG optimization
INFO: [Opt 31-129] Inserted BUFG to drive high-fanout reset|set|enable net. BUFG cell: rst_ni_IBUF_BUFG_inst, Net: rst_ni_IBUF
Phase 4 BUFG optimization | Checksum: 14902161b

Time (s): cpu = 00:00:21 ; elapsed = 00:00:19 . Memory (MB): peak = 3334.949 ; gain = 25.012 ; free physical = 8393 ; free virtual = 16595
INFO: [Opt 31-662] Phase BUFG optimization created 1 cells of which 1 are BUFGs and removed 0 cells.

Phase 5 Shift Register Optimization
INFO: [Opt 31-1064] SRL Remap converted 0 SRLs to 0 registers and converted 0 registers of register chains to 0 SRLs
Phase 5 Shift Register Optimization | Checksum: 14902161b

Time (s): cpu = 00:00:22 ; elapsed = 00:00:20 . Memory (MB): peak = 3334.949 ; gain = 25.012 ; free physical = 8266 ; free virtual = 16468
INFO: [Opt 31-389] Phase Shift Register Optimization created 0 cells and removed 0 cells

Phase 6 Post Processing Netlist
Phase 6 Post Processing Netlist | Checksum: 1910fe63d

Time (s): cpu = 00:00:23 ; elapsed = 00:00:21 . Memory (MB): peak = 3334.949 ; gain = 25.012 ; free physical = 8373 ; free virtual = 16575
INFO: [Opt 31-389] Phase Post Processing Netlist created 0 cells and removed 0 cells
Opt_design Change Summary
=========================


-------------------------------------------------------------------------------------------------------------------------
|  Phase                        |  #Cells created  |  #Cells Removed  |  #Constrained objects preventing optimizations  |
-------------------------------------------------------------------------------------------------------------------------
|  Retarget                     |              35  |             103  |                                              0  |
|  Constant propagation         |              26  |             521  |                                              0  |
|  Sweep                        |               0  |               0  |                                              0  |
|  BUFG optimization            |               1  |               0  |                                              0  |
|  Shift Register Optimization  |               0  |               0  |                                              0  |
|  Post Processing Netlist      |               0  |               0  |                                              0  |
-------------------------------------------------------------------------------------------------------------------------



Starting Connectivity Check Task

Time (s): cpu = 00:00:00.37 ; elapsed = 00:00:00.37 . Memory (MB): peak = 3334.949 ; gain = 0.000 ; free physical = 8266 ; free virtual = 16469
Ending Logic Optimization Task | Checksum: 1004f3cd6

Time (s): cpu = 00:00:33 ; elapsed = 00:00:30 . Memory (MB): peak = 3334.949 ; gain = 25.012 ; free physical = 8479 ; free virtual = 16682

Starting Power Optimization Task
INFO: [Pwropt 34-132] Skipping clock gating for clocks with a period < 2.00 ns.
INFO: [Pwropt 34-9] Applying IDT optimizations ...
INFO: [Pwropt 34-10] Applying ODC optimizations ...
INFO: [Timing 38-35] Done setting XDC timing constraints.
INFO: [Physopt 32-619] Estimated Timing Summary | WNS=0.000 | TNS=0.000 |
WARNING: [Power 33-232] No user defined clocks were found in the design! Power estimation will be inaccurate until this is corrected.
Resolution: Please specify clocks using create_clock/create_generated_clock for sequential elements. For pure combinatorial circuits, please specify a virtual clock, otherwise the vectorless estimation might be inaccurate
Running Vector-less Activity Propagation...

Finished Running Vector-less Activity Propagation
CRITICAL WARNING: [Power 33-333] The Vccint supply current exceeds the maximum limit of the selected package.  See the packaging and pinout user guide for limit values.


Starting PowerOpt Patch Enables Task
INFO: [Pwropt 34-162] WRITE_MODE attribute of 0 BRAM(s) out of a total of 13 has been updated to save power. Run report_power_opt to get a complete listing of the BRAMs updated.
INFO: [Timing 38-35] Done setting XDC timing constraints.
INFO: [Pwropt 34-201] Structural ODC has moved 13 WE to EN ports
Number of BRAM Ports augmented: 0 newly gated: 13 Total Ports: 26
Ending PowerOpt Patch Enables Task | Checksum: 1542d5c01

Time (s): cpu = 00:00:10 ; elapsed = 00:00:05 . Memory (MB): peak = 5285.801 ; gain = 0.000 ; free physical = 6753 ; free virtual = 15237
Ending Power Optimization Task | Checksum: 1542d5c01

Time (s): cpu = 00:02:01 ; elapsed = 00:01:44 . Memory (MB): peak = 5285.801 ; gain = 1950.852 ; free physical = 6898 ; free virtual = 15382

Starting Final Cleanup Task
Ending Final Cleanup Task | Checksum: 1542d5c01

Time (s): cpu = 00:00:00 ; elapsed = 00:00:00 . Memory (MB): peak = 5285.801 ; gain = 0.000 ; free physical = 6676 ; free virtual = 15161

Starting Netlist Obfuscation Task
Netlist sorting complete. Time (s): cpu = 00:00:00.03 ; elapsed = 00:00:00.03 . Memory (MB): peak = 5285.801 ; gain = 0.000 ; free physical = 6831 ; free virtual = 15315
Ending Netlist Obfuscation Task | Checksum: 1049f985d

Time (s): cpu = 00:00:00.03 ; elapsed = 00:00:00.03 . Memory (MB): peak = 5285.801 ; gain = 0.000 ; free physical = 6704 ; free virtual = 15189
INFO: [Common 17-83] Releasing license: Implementation
31 Infos, 1 Warnings, 1 Critical Warnings and 0 Errors encountered.
opt_design completed successfully
opt_design: Time (s): cpu = 00:02:53 ; elapsed = 00:02:33 . Memory (MB): peak = 5285.801 ; gain = 2644.043 ; free physical = 6813 ; free virtual = 15297
Netlist sorting complete. Time (s): cpu = 00:00:00.01 ; elapsed = 00:00:00.01 . Memory (MB): peak = 5285.801 ; gain = 0.000 ; free physical = 6744 ; free virtual = 15228
INFO: [Timing 38-480] Writing timing data to binary archive.
INFO: [Common 17-1381] The checkpoint '/nas/ei/home/ge27lob/Desktop/ITA_Pulp/ITA_Pulp.runs/impl_1/ita_opt.dcp' has been generated.
write_checkpoint: Time (s): cpu = 00:00:26 ; elapsed = 00:00:28 . Memory (MB): peak = 5285.801 ; gain = 0.000 ; free physical = 6526 ; free virtual = 15322
INFO: [runtcl-4] Executing : report_drc -file ita_drc_opted.rpt -pb ita_drc_opted.pb -rpx ita_drc_opted.rpx
Command: report_drc -file ita_drc_opted.rpt -pb ita_drc_opted.pb -rpx ita_drc_opted.rpx
INFO: [IP_Flow 19-234] Refreshing IP repositories
INFO: [IP_Flow 19-1704] No user IP repositories specified
INFO: [IP_Flow 19-2313] Loaded Vivado IP repository '/nfs/tools/xilinx/Vivado/2019.1/data/ip'.
INFO: [DRC 23-27] Running DRC with 4 threads
INFO: [Coretcl 2-168] The results of DRC are in file /nas/ei/home/ge27lob/Desktop/ITA_Pulp/ITA_Pulp.runs/impl_1/ita_drc_opted.rpt.
report_drc completed successfully
report_drc: Time (s): cpu = 00:00:19 ; elapsed = 00:00:14 . Memory (MB): peak = 5285.801 ; gain = 0.000 ; free physical = 6345 ; free virtual = 15144
Command: place_design
Attempting to get a license for feature 'Implementation' and/or device 'xczu7ev'
INFO: [Common 17-349] Got license for feature 'Implementation' and/or device 'xczu7ev'
INFO: [DRC 23-27] Running DRC with 4 threads
INFO: [Vivado_Tcl 4-198] DRC finished with 0 Errors
INFO: [Vivado_Tcl 4-199] Please refer to the DRC report (report_drc) for more information.
Running DRC as a precondition to command place_design
INFO: [DRC 23-27] Running DRC with 4 threads
INFO: [Vivado_Tcl 4-198] DRC finished with 0 Errors
INFO: [Vivado_Tcl 4-199] Please refer to the DRC report (report_drc) for more information.

Starting Placer Task
INFO: [Place 30-611] Multithreading enabled for place_design using a maximum of 4 CPUs

Phase 1 Placer Initialization

Phase 1.1 Placer Initialization Netlist Sorting
Netlist sorting complete. Time (s): cpu = 00:00:00.01 ; elapsed = 00:00:00.01 . Memory (MB): peak = 5285.801 ; gain = 0.000 ; free physical = 6370 ; free virtual = 15171
Phase 1.1 Placer Initialization Netlist Sorting | Checksum: 55822451

Time (s): cpu = 00:00:00.04 ; elapsed = 00:00:00.07 . Memory (MB): peak = 5285.801 ; gain = 0.000 ; free physical = 6339 ; free virtual = 15139
Netlist sorting complete. Time (s): cpu = 00:00:00.01 ; elapsed = 00:00:00.01 . Memory (MB): peak = 5285.801 ; gain = 0.000 ; free physical = 6338 ; free virtual = 15138

Phase 1.2 IO Placement/ Clock Placement/ Build Placer Device
ERROR: [Place 30-415] IO Placement failed due to overutilization. This design contains 1544 I/O ports
 while the target  device: xczu7ev package: ffvc1156, contains only 719 available user I/O. The target device has 719 usable I/O pins of which 0 are already occupied by user-locked I/Os.
 To rectify this issue:
 1. Ensure you are targeting the correct device and package.  Select a larger device or different package if necessary.
 2. Check the top-level ports of the design to ensure the correct number of ports are specified.
 3. Consider design changes to reduce the number of I/Os necessary.
ERROR: [Place 30-68] Instance WDataIntxD_reg[0][0]_i_2/IBUFCTRL_INST (IBUFCTRL) is not placed
ERROR: [Place 30-68] Instance WDataIntxD_reg[0][0]_i_2/INBUF_INST (INBUF) is not placed
ERROR: [Place 30-68] Instance WDataIntxD_reg[0][100]_i_2/IBUFCTRL_INST (IBUFCTRL) is not placed
ERROR: [Place 30-68] Instance WDataIntxD_reg[0][100]_i_2/INBUF_INST (INBUF) is not placed
ERROR: [Place 30-68] Instance WDataIntxD_reg[0][101]_i_2/IBUFCTRL_INST (IBUFCTRL) is not placed
ERROR: [Place 30-68] Instance WDataIntxD_reg[0][101]_i_2/INBUF_INST (INBUF) is not placed
ERROR: [Place 30-68] Instance WDataIntxD_reg[0][102]_i_2/IBUFCTRL_INST (IBUFCTRL) is not placed
ERROR: [Place 30-68] Instance WDataIntxD_reg[0][102]_i_2/INBUF_INST (INBUF) is not placed
ERROR: [Place 30-68] Instance WDataIntxD_reg[0][103]_i_2/IBUFCTRL_INST (IBUFCTRL) is not placed
ERROR: [Place 30-68] Instance WDataIntxD_reg[0][103]_i_2/INBUF_INST (INBUF) is not placed
ERROR: [Place 30-68] Instance WDataIntxD_reg[0][104]_i_2/IBUFCTRL_INST (IBUFCTRL) is not placed
ERROR: [Place 30-68] Instance WDataIntxD_reg[0][104]_i_2/INBUF_INST (INBUF) is not placed
ERROR: [Place 30-68] Instance WDataIntxD_reg[0][105]_i_2/IBUFCTRL_INST (IBUFCTRL) is not placed
ERROR: [Place 30-68] Instance WDataIntxD_reg[0][105]_i_2/INBUF_INST (INBUF) is not placed
ERROR: [Place 30-68] Instance WDataIntxD_reg[0][106]_i_2/IBUFCTRL_INST (IBUFCTRL) is not placed
ERROR: [Place 30-68] Instance WDataIntxD_reg[0][106]_i_2/INBUF_INST (INBUF) is not placed
ERROR: [Place 30-68] Instance WDataIntxD_reg[0][107]_i_2/IBUFCTRL_INST (IBUFCTRL) is not placed
ERROR: [Place 30-68] Instance WDataIntxD_reg[0][107]_i_2/INBUF_INST (INBUF) is not placed
ERROR: [Place 30-68] Instance WDataIntxD_reg[0][108]_i_2/IBUFCTRL_INST (IBUFCTRL) is not placed
ERROR: [Place 30-68] Instance WDataIntxD_reg[0][108]_i_2/INBUF_INST (INBUF) is not placed
ERROR: [Place 30-68] Instance WDataIntxD_reg[0][109]_i_2/IBUFCTRL_INST (IBUFCTRL) is not placed
ERROR: [Place 30-68] Instance WDataIntxD_reg[0][109]_i_2/INBUF_INST (INBUF) is not placed
ERROR: [Place 30-68] Instance WDataIntxD_reg[0][10]_i_2/IBUFCTRL_INST (IBUFCTRL) is not placed
ERROR: [Place 30-68] Instance WDataIntxD_reg[0][10]_i_2/INBUF_INST (INBUF) is not placed
ERROR: [Place 30-68] Instance WDataIntxD_reg[0][110]_i_2/IBUFCTRL_INST (IBUFCTRL) is not placed
ERROR: [Place 30-68] Instance WDataIntxD_reg[0][110]_i_2/INBUF_INST (INBUF) is not placed
ERROR: [Place 30-68] Instance WDataIntxD_reg[0][111]_i_2/IBUFCTRL_INST (IBUFCTRL) is not placed
ERROR: [Place 30-68] Instance WDataIntxD_reg[0][111]_i_2/INBUF_INST (INBUF) is not placed
ERROR: [Place 30-68] Instance WDataIntxD_reg[0][112]_i_2/IBUFCTRL_INST (IBUFCTRL) is not placed
ERROR: [Place 30-68] Instance WDataIntxD_reg[0][112]_i_2/INBUF_INST (INBUF) is not placed
ERROR: [Place 30-68] Instance WDataIntxD_reg[0][113]_i_2/IBUFCTRL_INST (IBUFCTRL) is not placed
ERROR: [Place 30-68] Instance WDataIntxD_reg[0][113]_i_2/INBUF_INST (INBUF) is not placed
ERROR: [Place 30-68] Instance WDataIntxD_reg[0][114]_i_2/IBUFCTRL_INST (IBUFCTRL) is not placed
ERROR: [Place 30-68] Instance WDataIntxD_reg[0][114]_i_2/INBUF_INST (INBUF) is not placed
ERROR: [Place 30-68] Instance WDataIntxD_reg[0][115]_i_2/IBUFCTRL_INST (IBUFCTRL) is not placed
ERROR: [Place 30-68] Instance WDataIntxD_reg[0][115]_i_2/INBUF_INST (INBUF) is not placed
ERROR: [Place 30-68] Instance WDataIntxD_reg[0][116]_i_2/IBUFCTRL_INST (IBUFCTRL) is not placed
ERROR: [Place 30-68] Instance WDataIntxD_reg[0][116]_i_2/INBUF_INST (INBUF) is not placed
ERROR: [Place 30-68] Instance WDataIntxD_reg[0][117]_i_2/IBUFCTRL_INST (IBUFCTRL) is not placed
ERROR: [Place 30-68] Instance WDataIntxD_reg[0][117]_i_2/INBUF_INST (INBUF) is not placed
ERROR: [Place 30-68] Instance WDataIntxD_reg[0][118]_i_2/IBUFCTRL_INST (IBUFCTRL) is not placed
ERROR: [Place 30-68] Instance WDataIntxD_reg[0][118]_i_2/INBUF_INST (INBUF) is not placed
ERROR: [Place 30-68] Instance WDataIntxD_reg[0][119]_i_2/IBUFCTRL_INST (IBUFCTRL) is not placed
ERROR: [Place 30-68] Instance WDataIntxD_reg[0][119]_i_2/INBUF_INST (INBUF) is not placed
ERROR: [Place 30-68] Instance WDataIntxD_reg[0][11]_i_2/IBUFCTRL_INST (IBUFCTRL) is not placed
ERROR: [Place 30-68] Instance WDataIntxD_reg[0][11]_i_2/INBUF_INST (INBUF) is not placed
ERROR: [Place 30-68] Instance WDataIntxD_reg[0][120]_i_2/IBUFCTRL_INST (IBUFCTRL) is not placed
ERROR: [Place 30-68] Instance WDataIntxD_reg[0][120]_i_2/INBUF_INST (INBUF) is not placed
ERROR: [Place 30-68] Instance WDataIntxD_reg[0][121]_i_2/IBUFCTRL_INST (IBUFCTRL) is not placed
ERROR: [Place 30-68] Instance WDataIntxD_reg[0][121]_i_2/INBUF_INST (INBUF) is not placed
ERROR: [Place 30-68] Instance WDataIntxD_reg[0][122]_i_2/IBUFCTRL_INST (IBUFCTRL) is not placed
ERROR: [Place 30-68] Instance WDataIntxD_reg[0][122]_i_2/INBUF_INST (INBUF) is not placed
ERROR: [Place 30-68] Instance WDataIntxD_reg[0][123]_i_2/IBUFCTRL_INST (IBUFCTRL) is not placed
ERROR: [Place 30-68] Instance WDataIntxD_reg[0][123]_i_2/INBUF_INST (INBUF) is not placed
ERROR: [Place 30-68] Instance WDataIntxD_reg[0][124]_i_2/IBUFCTRL_INST (IBUFCTRL) is not placed
ERROR: [Place 30-68] Instance WDataIntxD_reg[0][124]_i_2/INBUF_INST (INBUF) is not placed
ERROR: [Place 30-68] Instance WDataIntxD_reg[0][125]_i_2/IBUFCTRL_INST (IBUFCTRL) is not placed
ERROR: [Place 30-68] Instance WDataIntxD_reg[0][125]_i_2/INBUF_INST (INBUF) is not placed
ERROR: [Place 30-68] Instance WDataIntxD_reg[0][126]_i_2/IBUFCTRL_INST (IBUFCTRL) is not placed
ERROR: [Place 30-68] Instance WDataIntxD_reg[0][126]_i_2/INBUF_INST (INBUF) is not placed
ERROR: [Place 30-68] Instance WDataIntxD_reg[0][127]_i_4/IBUFCTRL_INST (IBUFCTRL) is not placed
ERROR: [Place 30-68] Instance WDataIntxD_reg[0][127]_i_4/INBUF_INST (INBUF) is not placed
ERROR: [Place 30-68] Instance WDataIntxD_reg[0][12]_i_2/IBUFCTRL_INST (IBUFCTRL) is not placed
ERROR: [Place 30-68] Instance WDataIntxD_reg[0][12]_i_2/INBUF_INST (INBUF) is not placed
ERROR: [Place 30-68] Instance WDataIntxD_reg[0][13]_i_2/IBUFCTRL_INST (IBUFCTRL) is not placed
ERROR: [Place 30-68] Instance WDataIntxD_reg[0][13]_i_2/INBUF_INST (INBUF) is not placed
ERROR: [Place 30-68] Instance WDataIntxD_reg[0][14]_i_2/IBUFCTRL_INST (IBUFCTRL) is not placed
ERROR: [Place 30-68] Instance WDataIntxD_reg[0][14]_i_2/INBUF_INST (INBUF) is not placed
ERROR: [Place 30-68] Instance WDataIntxD_reg[0][15]_i_2/IBUFCTRL_INST (IBUFCTRL) is not placed
ERROR: [Place 30-68] Instance WDataIntxD_reg[0][15]_i_2/INBUF_INST (INBUF) is not placed
ERROR: [Place 30-68] Instance WDataIntxD_reg[0][16]_i_2/IBUFCTRL_INST (IBUFCTRL) is not placed
ERROR: [Place 30-68] Instance WDataIntxD_reg[0][16]_i_2/INBUF_INST (INBUF) is not placed
ERROR: [Place 30-68] Instance WDataIntxD_reg[0][17]_i_2/IBUFCTRL_INST (IBUFCTRL) is not placed
ERROR: [Place 30-68] Instance WDataIntxD_reg[0][17]_i_2/INBUF_INST (INBUF) is not placed
ERROR: [Place 30-68] Instance WDataIntxD_reg[0][18]_i_2/IBUFCTRL_INST (IBUFCTRL) is not placed
ERROR: [Place 30-68] Instance WDataIntxD_reg[0][18]_i_2/INBUF_INST (INBUF) is not placed
ERROR: [Place 30-68] Instance WDataIntxD_reg[0][19]_i_2/IBUFCTRL_INST (IBUFCTRL) is not placed
ERROR: [Place 30-68] Instance WDataIntxD_reg[0][19]_i_2/INBUF_INST (INBUF) is not placed
ERROR: [Place 30-68] Instance WDataIntxD_reg[0][1]_i_2/IBUFCTRL_INST (IBUFCTRL) is not placed
ERROR: [Place 30-68] Instance WDataIntxD_reg[0][1]_i_2/INBUF_INST (INBUF) is not placed
ERROR: [Place 30-68] Instance WDataIntxD_reg[0][20]_i_2/IBUFCTRL_INST (IBUFCTRL) is not placed
ERROR: [Place 30-68] Instance WDataIntxD_reg[0][20]_i_2/INBUF_INST (INBUF) is not placed
ERROR: [Place 30-68] Instance WDataIntxD_reg[0][21]_i_2/IBUFCTRL_INST (IBUFCTRL) is not placed
ERROR: [Place 30-68] Instance WDataIntxD_reg[0][21]_i_2/INBUF_INST (INBUF) is not placed
ERROR: [Place 30-68] Instance WDataIntxD_reg[0][22]_i_2/IBUFCTRL_INST (IBUFCTRL) is not placed
ERROR: [Place 30-68] Instance WDataIntxD_reg[0][22]_i_2/INBUF_INST (INBUF) is not placed
ERROR: [Place 30-68] Instance WDataIntxD_reg[0][23]_i_2/IBUFCTRL_INST (IBUFCTRL) is not placed
ERROR: [Place 30-68] Instance WDataIntxD_reg[0][23]_i_2/INBUF_INST (INBUF) is not placed
ERROR: [Place 30-68] Instance WDataIntxD_reg[0][24]_i_2/IBUFCTRL_INST (IBUFCTRL) is not placed
ERROR: [Place 30-68] Instance WDataIntxD_reg[0][24]_i_2/INBUF_INST (INBUF) is not placed
ERROR: [Place 30-68] Instance WDataIntxD_reg[0][25]_i_2/IBUFCTRL_INST (IBUFCTRL) is not placed
ERROR: [Place 30-68] Instance WDataIntxD_reg[0][25]_i_2/INBUF_INST (INBUF) is not placed
ERROR: [Place 30-68] Instance WDataIntxD_reg[0][26]_i_2/IBUFCTRL_INST (IBUFCTRL) is not placed
ERROR: [Place 30-68] Instance WDataIntxD_reg[0][26]_i_2/INBUF_INST (INBUF) is not placed
ERROR: [Place 30-68] Instance WDataIntxD_reg[0][27]_i_2/IBUFCTRL_INST (IBUFCTRL) is not placed
ERROR: [Place 30-68] Instance WDataIntxD_reg[0][27]_i_2/INBUF_INST (INBUF) is not placed
ERROR: [Place 30-68] Instance WDataIntxD_reg[0][28]_i_2/IBUFCTRL_INST (IBUFCTRL) is not placed
ERROR: [Place 30-68] Instance WDataIntxD_reg[0][28]_i_2/INBUF_INST (INBUF) is not placed
ERROR: [Place 30-68] Instance WDataIntxD_reg[0][29]_i_2/IBUFCTRL_INST (IBUFCTRL) is not placed
ERROR: [Place 30-68] Instance WDataIntxD_reg[0][29]_i_2/INBUF_INST (INBUF) is not placed
INFO: [Common 17-14] Message 'Place 30-68' appears 100 times and further instances of the messages will be disabled. Use the Tcl command set_msg_config to change the current settings.
Phase 1.2 IO Placement/ Clock Placement/ Build Placer Device | Checksum: fe85a67b

Time (s): cpu = 00:00:08 ; elapsed = 00:00:08 . Memory (MB): peak = 5285.801 ; gain = 0.000 ; free physical = 6339 ; free virtual = 15143
Phase 1 Placer Initialization | Checksum: fe85a67b

Time (s): cpu = 00:00:08 ; elapsed = 00:00:08 . Memory (MB): peak = 5285.801 ; gain = 0.000 ; free physical = 6297 ; free virtual = 15100
ERROR: [Place 30-99] Placer failed with error: 'IO Clock Placer failed'
Please review all ERROR, CRITICAL WARNING, and WARNING messages during placement to understand the cause for failure.
Ending Placer Task | Checksum: fe85a67b

Time (s): cpu = 00:00:08 ; elapsed = 00:00:08 . Memory (MB): peak = 5285.801 ; gain = 0.000 ; free physical = 6266 ; free virtual = 15070
INFO: [Common 17-83] Releasing license: Implementation
49 Infos, 1 Warnings, 1 Critical Warnings and 103 Errors encountered.
place_design failed
ERROR: [Common 17-69] Command failed: Placer could not place all instances
INFO: [Common 17-206] Exiting Vivado at Sat Apr 26 21:34:04 2025...
